<?xml version="1.0" encoding="UTF-8"?>
<coverage generated="1598369478254" clover="3.2.0">
  <project timestamp="1598369478254" name="All files">
    <metrics statements="233" coveredstatements="133" conditionals="47" coveredconditionals="12" methods="96" coveredmethods="49" elements="376" coveredelements="194" complexity="0" loc="233" ncloc="233" packages="10" files="28" classes="28"/>
    <package name="components">
      <metrics statements="0" coveredstatements="0" conditionals="0" coveredconditionals="0" methods="0" coveredmethods="0"/>
      <file name="index.ts" path="C:\Users\Мария\Documents\Web Projects\Frontier\src\components\index.ts">
        <metrics statements="0" coveredstatements="0" conditionals="0" coveredconditionals="0" methods="0" coveredmethods="0"/>
      </file>
    </package>
    <package name="components.AlertDialog">
      <metrics statements="2" coveredstatements="1" conditionals="0" coveredconditionals="0" methods="1" coveredmethods="0"/>
      <file name="AlertDialog.tsx" path="C:\Users\Мария\Documents\Web Projects\Frontier\src\components\AlertDialog\AlertDialog.tsx">
        <metrics statements="2" coveredstatements="1" conditionals="0" coveredconditionals="0" methods="1" coveredmethods="0"/>
        <line num="20" count="3" type="stmt"/>
        <line num="29" count="0" type="stmt"/>
      </file>
      <file name="index.ts" path="C:\Users\Мария\Documents\Web Projects\Frontier\src\components\AlertDialog\index.ts">
        <metrics statements="0" coveredstatements="0" conditionals="0" coveredconditionals="0" methods="0" coveredmethods="0"/>
      </file>
    </package>
    <package name="components.BarChart">
      <metrics statements="10" coveredstatements="2" conditionals="2" coveredconditionals="0" methods="4" coveredmethods="0"/>
      <file name="BarChart.tsx" path="C:\Users\Мария\Documents\Web Projects\Frontier\src\components\BarChart\BarChart.tsx">
        <metrics statements="10" coveredstatements="2" conditionals="2" coveredconditionals="0" methods="4" coveredmethods="0"/>
        <line num="15" count="3" type="stmt"/>
        <line num="25" count="3" type="stmt"/>
        <line num="26" count="0" type="stmt"/>
        <line num="27" count="0" type="stmt"/>
        <line num="28" count="0" type="cond" truecount="0" falsecount="2"/>
        <line num="29" count="0" type="stmt"/>
        <line num="31" count="0" type="stmt"/>
        <line num="33" count="0" type="stmt"/>
        <line num="35" count="0" type="stmt"/>
        <line num="38" count="0" type="stmt"/>
      </file>
      <file name="index.ts" path="C:\Users\Мария\Documents\Web Projects\Frontier\src\components\BarChart\index.ts">
        <metrics statements="0" coveredstatements="0" conditionals="0" coveredconditionals="0" methods="0" coveredmethods="0"/>
      </file>
    </package>
    <package name="components.BarChart.Bar">
      <metrics statements="7" coveredstatements="5" conditionals="2" coveredconditionals="0" methods="2" coveredmethods="0"/>
      <file name="Bar.tsx" path="C:\Users\Мария\Documents\Web Projects\Frontier\src\components\BarChart\Bar\Bar.tsx">
        <metrics statements="7" coveredstatements="5" conditionals="2" coveredconditionals="0" methods="2" coveredmethods="0"/>
        <line num="11" count="3" type="stmt"/>
        <line num="15" count="3" type="stmt"/>
        <line num="25" count="3" type="stmt"/>
        <line num="34" count="3" type="stmt"/>
        <line num="42" count="3" type="stmt"/>
        <line num="43" count="0" type="stmt"/>
        <line num="44" count="0" type="stmt"/>
      </file>
      <file name="index.ts" path="C:\Users\Мария\Documents\Web Projects\Frontier\src\components\BarChart\Bar\index.ts">
        <metrics statements="0" coveredstatements="0" conditionals="0" coveredconditionals="0" methods="0" coveredmethods="0"/>
      </file>
    </package>
    <package name="components.WrapperApp">
      <metrics statements="9" coveredstatements="2" conditionals="2" coveredconditionals="0" methods="3" coveredmethods="0"/>
      <file name="WrapperApp.tsx" path="C:\Users\Мария\Documents\Web Projects\Frontier\src\components\WrapperApp\WrapperApp.tsx">
        <metrics statements="9" coveredstatements="2" conditionals="2" coveredconditionals="0" methods="3" coveredmethods="0"/>
        <line num="27" count="3" type="stmt"/>
        <line num="38" count="3" type="stmt"/>
        <line num="39" count="0" type="stmt"/>
        <line num="40" count="0" type="stmt"/>
        <line num="41" count="0" type="stmt"/>
        <line num="43" count="0" type="stmt"/>
        <line num="44" count="0" type="stmt"/>
        <line num="47" count="0" type="stmt"/>
        <line num="48" count="0" type="stmt"/>
      </file>
      <file name="index.ts" path="C:\Users\Мария\Documents\Web Projects\Frontier\src\components\WrapperApp\index.ts">
        <metrics statements="0" coveredstatements="0" conditionals="0" coveredconditionals="0" methods="0" coveredmethods="0"/>
      </file>
    </package>
    <package name="screens">
      <metrics statements="2" coveredstatements="1" conditionals="0" coveredconditionals="0" methods="1" coveredmethods="0"/>
      <file name="NotFoundScreen.tsx" path="C:\Users\Мария\Documents\Web Projects\Frontier\src\screens\NotFoundScreen.tsx">
        <metrics statements="2" coveredstatements="1" conditionals="0" coveredconditionals="0" methods="1" coveredmethods="0"/>
        <line num="3" count="3" type="stmt"/>
        <line num="4" count="0" type="stmt"/>
      </file>
      <file name="index.ts" path="C:\Users\Мария\Documents\Web Projects\Frontier\src\screens\index.ts">
        <metrics statements="0" coveredstatements="0" conditionals="0" coveredconditionals="0" methods="0" coveredmethods="0"/>
      </file>
    </package>
    <package name="screens.StatisticsScreen">
      <metrics statements="37" coveredstatements="11" conditionals="11" coveredconditionals="0" methods="9" coveredmethods="3"/>
      <file name="StatisticsScreen.tsx" path="C:\Users\Мария\Documents\Web Projects\Frontier\src\screens\StatisticsScreen\StatisticsScreen.tsx">
        <metrics statements="31" coveredstatements="5" conditionals="11" coveredconditionals="0" methods="6" coveredmethods="0"/>
        <line num="21" count="3" type="stmt"/>
        <line num="38" count="3" type="stmt"/>
        <line num="48" count="0" type="stmt"/>
        <line num="54" count="0" type="cond" truecount="0" falsecount="5"/>
        <line num="56" count="0" type="stmt"/>
        <line num="57" count="0" type="stmt"/>
        <line num="59" count="0" type="stmt"/>
        <line num="60" count="0" type="stmt"/>
        <line num="62" count="0" type="stmt"/>
        <line num="63" count="0" type="stmt"/>
        <line num="65" count="0" type="stmt"/>
        <line num="66" count="0" type="stmt"/>
        <line num="68" count="0" type="stmt"/>
        <line num="70" count="0" type="stmt"/>
        <line num="71" count="0" type="stmt"/>
        <line num="73" count="0" type="stmt"/>
        <line num="74" count="0" type="stmt"/>
        <line num="76" count="0" type="stmt"/>
        <line num="77" count="0" type="stmt"/>
        <line num="79" count="0" type="stmt"/>
        <line num="80" count="0" type="cond" truecount="0" falsecount="2"/>
        <line num="81" count="0" type="stmt"/>
        <line num="83" count="0" type="cond" truecount="0" falsecount="2"/>
        <line num="84" count="0" type="stmt"/>
        <line num="86" count="0" type="cond" truecount="0" falsecount="2"/>
        <line num="87" count="0" type="stmt"/>
        <line num="90" count="0" type="stmt"/>
        <line num="123" count="3" type="stmt"/>
        <line num="124" count="0" type="stmt"/>
        <line num="132" count="3" type="stmt"/>
        <line num="138" count="3" type="stmt"/>
      </file>
      <file name="index.ts" path="C:\Users\Мария\Documents\Web Projects\Frontier\src\screens\StatisticsScreen\index.ts">
        <metrics statements="0" coveredstatements="0" conditionals="0" coveredconditionals="0" methods="0" coveredmethods="0"/>
      </file>
      <file name="reducer.ts" path="C:\Users\Мария\Documents\Web Projects\Frontier\src\screens\StatisticsScreen\reducer.ts">
        <metrics statements="6" coveredstatements="6" conditionals="0" coveredconditionals="0" methods="3" coveredmethods="3"/>
        <line num="9" count="4" type="stmt"/>
        <line num="15" count="4" type="stmt"/>
        <line num="20" count="1" type="stmt"/>
        <line num="23" count="1" type="stmt"/>
        <line num="26" count="1" type="stmt"/>
        <line num="31" count="4" type="stmt"/>
      </file>
    </package>
    <package name="screens.TariffsScreen">
      <metrics statements="18" coveredstatements="14" conditionals="0" coveredconditionals="0" methods="10" coveredmethods="6"/>
      <file name="TariffsScreen.tsx" path="C:\Users\Мария\Documents\Web Projects\Frontier\src\screens\TariffsScreen\TariffsScreen.tsx">
        <metrics statements="9" coveredstatements="5" conditionals="0" coveredconditionals="0" methods="4" coveredmethods="0"/>
        <line num="16" count="3" type="stmt"/>
        <line num="17" count="0" type="stmt"/>
        <line num="18" count="0" type="stmt"/>
        <line num="19" count="0" type="stmt"/>
        <line num="22" count="3" type="stmt"/>
        <line num="28" count="0" type="stmt"/>
        <line num="66" count="3" type="stmt"/>
        <line num="68" count="3" type="stmt"/>
        <line num="74" count="3" type="stmt"/>
      </file>
      <file name="index.ts" path="C:\Users\Мария\Documents\Web Projects\Frontier\src\screens\TariffsScreen\index.ts">
        <metrics statements="0" coveredstatements="0" conditionals="0" coveredconditionals="0" methods="0" coveredmethods="0"/>
      </file>
      <file name="reducer.ts" path="C:\Users\Мария\Documents\Web Projects\Frontier\src\screens\TariffsScreen\reducer.ts">
        <metrics statements="9" coveredstatements="9" conditionals="0" coveredconditionals="0" methods="6" coveredmethods="6"/>
        <line num="11" count="4" type="stmt"/>
        <line num="42" count="4" type="stmt"/>
        <line num="48" count="1" type="stmt"/>
        <line num="49" count="1" type="stmt"/>
        <line num="52" count="1" type="stmt"/>
        <line num="56" count="1" type="stmt"/>
        <line num="57" count="1" type="stmt"/>
        <line num="60" count="1" type="stmt"/>
        <line num="65" count="4" type="stmt"/>
      </file>
    </package>
    <package name="screens.VisitorsScreen">
      <metrics statements="87" coveredstatements="39" conditionals="16" coveredconditionals="0" methods="43" coveredmethods="18"/>
      <file name="VisitorsScreen.tsx" path="C:\Users\Мария\Documents\Web Projects\Frontier\src\screens\VisitorsScreen\VisitorsScreen.tsx">
        <metrics statements="56" coveredstatements="8" conditionals="16" coveredconditionals="0" methods="25" coveredmethods="0"/>
        <line num="45" count="3" type="stmt"/>
        <line num="50" count="3" type="stmt"/>
        <line num="56" count="3" type="stmt"/>
        <line num="57" count="0" type="stmt"/>
        <line num="58" count="0" type="stmt"/>
        <line num="60" count="0" type="stmt"/>
        <line num="62" count="3" type="stmt"/>
        <line num="63" count="0" type="stmt"/>
        <line num="64" count="0" type="stmt"/>
        <line num="65" count="0" type="stmt"/>
        <line num="68" count="3" type="stmt"/>
        <line num="86" count="0" type="stmt"/>
        <line num="87" count="0" type="stmt"/>
        <line num="88" count="0" type="cond" truecount="0" falsecount="2"/>
        <line num="89" count="0" type="stmt"/>
        <line num="91" count="0" type="stmt"/>
        <line num="94" count="0" type="stmt"/>
        <line num="95" count="0" type="stmt"/>
        <line num="96" count="0" type="stmt"/>
        <line num="97" count="0" type="stmt"/>
        <line num="100" count="0" type="stmt"/>
        <line num="101" count="0" type="stmt"/>
        <line num="102" count="0" type="stmt"/>
        <line num="104" count="0" type="stmt"/>
        <line num="105" count="0" type="stmt"/>
        <line num="108" count="0" type="stmt"/>
        <line num="117" count="0" type="cond" truecount="0" falsecount="2"/>
        <line num="118" count="0" type="cond" truecount="0" falsecount="2"/>
        <line num="119" count="0" type="stmt"/>
        <line num="121" count="0" type="stmt"/>
        <line num="123" count="0" type="stmt"/>
        <line num="139" count="0" type="cond" truecount="0" falsecount="2"/>
        <line num="140" count="0" type="stmt"/>
        <line num="142" count="0" type="stmt"/>
        <line num="151" count="0" type="stmt"/>
        <line num="162" count="0" type="cond" truecount="0" falsecount="2"/>
        <line num="163" count="0" type="stmt"/>
        <line num="165" count="0" type="stmt"/>
        <line num="167" count="0" type="stmt"/>
        <line num="171" count="0" type="stmt"/>
        <line num="191" count="0" type="cond" truecount="0" falsecount="2"/>
        <line num="192" count="0" type="stmt"/>
        <line num="199" count="0" type="cond" truecount="0" falsecount="2"/>
        <line num="200" count="0" type="stmt"/>
        <line num="201" count="0" type="stmt"/>
        <line num="202" count="0" type="stmt"/>
        <line num="203" count="0" type="stmt"/>
        <line num="215" count="0" type="stmt"/>
        <line num="222" count="0" type="cond" truecount="0" falsecount="2"/>
        <line num="238" count="0" type="stmt"/>
        <line num="239" count="0" type="stmt"/>
        <line num="244" count="0" type="stmt"/>
        <line num="250" count="3" type="stmt"/>
        <line num="251" count="0" type="stmt"/>
        <line num="261" count="3" type="stmt"/>
        <line num="275" count="3" type="stmt"/>
      </file>
      <file name="index.ts" path="C:\Users\Мария\Documents\Web Projects\Frontier\src\screens\VisitorsScreen\index.ts">
        <metrics statements="0" coveredstatements="0" conditionals="0" coveredconditionals="0" methods="0" coveredmethods="0"/>
      </file>
      <file name="reducer.ts" path="C:\Users\Мария\Documents\Web Projects\Frontier\src\screens\VisitorsScreen\reducer.ts">
        <metrics statements="31" coveredstatements="31" conditionals="0" coveredconditionals="0" methods="18" coveredmethods="18"/>
        <line num="37" count="4" type="stmt"/>
        <line num="79" count="4" type="stmt"/>
        <line num="85" count="1" type="stmt"/>
        <line num="86" count="1" type="stmt"/>
        <line num="87" count="1" type="stmt"/>
        <line num="88" count="1" type="stmt"/>
        <line num="89" count="1" type="stmt"/>
        <line num="92" count="1" type="stmt"/>
        <line num="96" count="1" type="stmt"/>
        <line num="97" count="1" type="stmt"/>
        <line num="100" count="1" type="stmt"/>
        <line num="103" count="1" type="stmt"/>
        <line num="104" count="1" type="stmt"/>
        <line num="105" count="1" type="stmt"/>
        <line num="111" count="1" type="stmt"/>
        <line num="112" count="5" type="stmt"/>
        <line num="116" count="1" type="stmt"/>
        <line num="117" count="2" type="stmt"/>
        <line num="118" count="4" type="stmt"/>
        <line num="120" count="2" type="stmt"/>
        <line num="121" count="2" type="stmt"/>
        <line num="126" count="1" type="stmt"/>
        <line num="127" count="1" type="stmt"/>
        <line num="130" count="1" type="stmt"/>
        <line num="133" count="1" type="stmt"/>
        <line num="136" count="1" type="stmt"/>
        <line num="139" count="1" type="stmt"/>
        <line num="142" count="1" type="stmt"/>
        <line num="143" count="1" type="stmt"/>
        <line num="146" count="1" type="stmt"/>
        <line num="151" count="4" type="stmt"/>
      </file>
    </package>
    <package name="utils">
      <metrics statements="61" coveredstatements="58" conditionals="14" coveredconditionals="12" methods="23" coveredmethods="22"/>
      <file name="FormatDate.ts" path="C:\Users\Мария\Documents\Web Projects\Frontier\src\utils\FormatDate.ts">
        <metrics statements="4" coveredstatements="4" conditionals="0" coveredconditionals="0" methods="2" coveredmethods="2"/>
        <line num="1" count="4" type="stmt"/>
        <line num="2" count="16" type="stmt"/>
        <line num="4" count="4" type="stmt"/>
        <line num="5" count="1" type="stmt"/>
      </file>
      <file name="calculateCost.ts" path="C:\Users\Мария\Documents\Web Projects\Frontier\src\utils\calculateCost.ts">
        <metrics statements="3" coveredstatements="3" conditionals="4" coveredconditionals="4" methods="1" coveredmethods="1"/>
        <line num="1" count="4" type="stmt"/>
        <line num="7" count="14" type="stmt"/>
        <line num="8" count="14" type="cond" truecount="4" falsecount="0"/>
      </file>
      <file name="calculateCostHelper.ts" path="C:\Users\Мария\Documents\Web Projects\Frontier\src\utils\calculateCostHelper.ts">
        <metrics statements="10" coveredstatements="10" conditionals="2" coveredconditionals="2" methods="4" coveredmethods="4"/>
        <line num="5" count="3" type="stmt"/>
        <line num="6" count="8" type="cond" truecount="2" falsecount="0"/>
        <line num="7" count="8" type="stmt"/>
        <line num="8" count="8" type="stmt"/>
        <line num="9" count="9" type="stmt"/>
        <line num="10" count="16" type="stmt"/>
        <line num="11" count="16" type="stmt"/>
        <line num="12" count="16" type="stmt"/>
        <line num="14" count="9" type="stmt"/>
        <line num="21" count="8" type="stmt"/>
      </file>
      <file name="calculateDuration.ts" path="C:\Users\Мария\Documents\Web Projects\Frontier\src\utils\calculateDuration.ts">
        <metrics statements="11" coveredstatements="9" conditionals="4" coveredconditionals="2" methods="1" coveredmethods="1"/>
        <line num="3" count="3" type="stmt"/>
        <line num="4" count="14" type="stmt"/>
        <line num="5" count="14" type="stmt"/>
        <line num="6" count="14" type="stmt"/>
        <line num="7" count="30" type="cond" truecount="1" falsecount="1"/>
        <line num="8" count="0" type="stmt"/>
        <line num="10" count="30" type="stmt"/>
        <line num="11" count="30" type="stmt"/>
        <line num="14" count="14" type="cond" truecount="1" falsecount="1"/>
        <line num="15" count="0" type="stmt"/>
        <line num="17" count="14" type="stmt"/>
      </file>
      <file name="index.ts" path="C:\Users\Мария\Documents\Web Projects\Frontier\src\utils\index.ts">
        <metrics statements="0" coveredstatements="0" conditionals="0" coveredconditionals="0" methods="0" coveredmethods="0"/>
      </file>
      <file name="initialTheme.ts" path="C:\Users\Мария\Documents\Web Projects\Frontier\src\utils\initialTheme.ts">
        <metrics statements="4" coveredstatements="3" conditionals="0" coveredconditionals="0" methods="1" coveredmethods="0"/>
        <line num="4" count="3" type="stmt"/>
        <line num="6" count="3" type="stmt"/>
        <line num="7" count="0" type="stmt"/>
        <line num="70" count="3" type="stmt"/>
      </file>
      <file name="localizationMaterialTable.ts" path="C:\Users\Мария\Documents\Web Projects\Frontier\src\utils\localizationMaterialTable.ts">
        <metrics statements="1" coveredstatements="1" conditionals="0" coveredconditionals="0" methods="0" coveredmethods="0"/>
        <line num="1" count="3" type="stmt"/>
      </file>
      <file name="statisticsUtils.ts" path="C:\Users\Мария\Documents\Web Projects\Frontier\src\utils\statisticsUtils.ts">
        <metrics statements="28" coveredstatements="28" conditionals="4" coveredconditionals="4" methods="14" coveredmethods="14"/>
        <line num="12" count="3" type="stmt"/>
        <line num="17" count="3" type="stmt"/>
        <line num="18" count="9" type="stmt"/>
        <line num="19" count="9" type="cond" truecount="2" falsecount="0"/>
        <line num="23" count="3" type="stmt"/>
        <line num="24" count="5" type="stmt"/>
        <line num="25" count="15" type="stmt"/>
        <line num="26" count="15" type="cond" truecount="2" falsecount="0"/>
        <line num="27" count="5" type="stmt"/>
        <line num="29" count="10" type="stmt"/>
        <line num="31" count="15" type="stmt"/>
        <line num="35" count="3" type="stmt"/>
        <line num="39" count="2" type="stmt"/>
        <line num="40" count="4" type="stmt"/>
        <line num="41" count="6" type="stmt"/>
        <line num="43" count="4" type="stmt"/>
        <line num="46" count="3" type="stmt"/>
        <line num="50" count="1" type="stmt"/>
        <line num="51" count="2" type="stmt"/>
        <line num="56" count="3" type="stmt"/>
        <line num="57" count="1" type="stmt"/>
        <line num="58" count="2" type="stmt"/>
        <line num="59" count="3" type="stmt"/>
        <line num="61" count="2" type="stmt"/>
        <line num="64" count="3" type="stmt"/>
        <line num="65" count="1" type="stmt"/>
        <line num="66" count="2" type="stmt"/>
        <line num="67" count="2" type="stmt"/>
      </file>
    </package>
  </project>
</coverage>
