{"C:\\Users\\Мария\\Documents\\Web Projects\\Frontier\\src\\components\\index.ts": {"path":"C:\\Users\\Мария\\Documents\\Web Projects\\Frontier\\src\\components\\index.ts","statementMap":{},"fnMap":{},"branchMap":{},"s":{},"f":{},"b":{},"_coverageSchema":"1a1c01bbd47fc00a2c39e90264f33305004495a9","hash":"ef79b5c7825871b74d6fbd14ae3ee59961898e65"}
,"C:\\Users\\Мария\\Documents\\Web Projects\\Frontier\\src\\components\\AlertDialog\\AlertDialog.tsx": {"path":"C:\\Users\\Мария\\Documents\\Web Projects\\Frontier\\src\\components\\AlertDialog\\AlertDialog.tsx","statementMap":{"0":{"start":{"line":20,"column":53},"end":{"line":49,"column":1}},"1":{"start":{"line":29,"column":4},"end":{"line":48,"column":6}}},"fnMap":{"0":{"name":"(anonymous_0)","decl":{"start":{"line":20,"column":53},"end":{"line":20,"column":54}},"loc":{"start":{"line":28,"column":6},"end":{"line":49,"column":1}},"line":28}},"branchMap":{},"s":{"0":3,"1":0},"f":{"0":0},"b":{},"_coverageSchema":"1a1c01bbd47fc00a2c39e90264f33305004495a9","hash":"dea6b7b929dcffff2173d5db2cf56bcd16f0a63e"}
,"C:\\Users\\Мария\\Documents\\Web Projects\\Frontier\\src\\components\\AlertDialog\\index.ts": {"path":"C:\\Users\\Мария\\Documents\\Web Projects\\Frontier\\src\\components\\AlertDialog\\index.ts","statementMap":{},"fnMap":{},"branchMap":{},"s":{},"f":{},"b":{},"_coverageSchema":"1a1c01bbd47fc00a2c39e90264f33305004495a9","hash":"70656072267c550cbf7854834505782a59931ffb"}
,"C:\\Users\\Мария\\Documents\\Web Projects\\Frontier\\src\\components\\BarChart\\BarChart.tsx": {"path":"C:\\Users\\Мария\\Documents\\Web Projects\\Frontier\\src\\components\\BarChart\\BarChart.tsx","statementMap":{"0":{"start":{"line":15,"column":24},"end":{"line":23,"column":1}},"1":{"start":{"line":25,"column":50},"end":{"line":50,"column":1}},"2":{"start":{"line":26,"column":23},"end":{"line":34,"column":5}},"3":{"start":{"line":27,"column":24},"end":{"line":32,"column":10}},"4":{"start":{"line":28,"column":12},"end":{"line":30,"column":13}},"5":{"start":{"line":29,"column":16},"end":{"line":29,"column":28}},"6":{"start":{"line":31,"column":12},"end":{"line":31,"column":23}},"7":{"start":{"line":33,"column":8},"end":{"line":33,"column":29}},"8":{"start":{"line":35,"column":4},"end":{"line":49,"column":6}},"9":{"start":{"line":38,"column":16},"end":{"line":46,"column":18}}},"fnMap":{"0":{"name":"(anonymous_0)","decl":{"start":{"line":25,"column":50},"end":{"line":25,"column":51}},"loc":{"start":{"line":25,"column":71},"end":{"line":50,"column":1}},"line":25},"1":{"name":"(anonymous_1)","decl":{"start":{"line":26,"column":23},"end":{"line":26,"column":24}},"loc":{"start":{"line":26,"column":29},"end":{"line":34,"column":5}},"line":26},"2":{"name":"(anonymous_2)","decl":{"start":{"line":27,"column":36},"end":{"line":27,"column":37}},"loc":{"start":{"line":27,"column":51},"end":{"line":32,"column":9}},"line":27},"3":{"name":"(anonymous_3)","decl":{"start":{"line":37,"column":22},"end":{"line":37,"column":23}},"loc":{"start":{"line":37,"column":38},"end":{"line":47,"column":13}},"line":37}},"branchMap":{"0":{"loc":{"start":{"line":28,"column":12},"end":{"line":30,"column":13}},"type":"if","locations":[{"start":{"line":28,"column":12},"end":{"line":30,"column":13}},{"start":{"line":28,"column":12},"end":{"line":30,"column":13}}],"line":28}},"s":{"0":3,"1":3,"2":0,"3":0,"4":0,"5":0,"6":0,"7":0,"8":0,"9":0},"f":{"0":0,"1":0,"2":0,"3":0},"b":{"0":[0,0]},"_coverageSchema":"1a1c01bbd47fc00a2c39e90264f33305004495a9","hash":"307358ccdb3209a67a475bd2c5ff68194c534be0"}
,"C:\\Users\\Мария\\Documents\\Web Projects\\Frontier\\src\\components\\BarChart\\index.ts": {"path":"C:\\Users\\Мария\\Documents\\Web Projects\\Frontier\\src\\components\\BarChart\\index.ts","statementMap":{},"fnMap":{},"branchMap":{},"s":{},"f":{},"b":{},"_coverageSchema":"1a1c01bbd47fc00a2c39e90264f33305004495a9","hash":"4464b704ef937100c8bbff505069088c53ea4f5e"}
,"C:\\Users\\Мария\\Documents\\Web Projects\\Frontier\\src\\components\\BarChart\\Bar\\Bar.tsx": {"path":"C:\\Users\\Мария\\Documents\\Web Projects\\Frontier\\src\\components\\BarChart\\Bar\\Bar.tsx","statementMap":{"0":{"start":{"line":11,"column":21},"end":{"line":14,"column":2}},"1":{"start":{"line":15,"column":16},"end":{"line":24,"column":3}},"2":{"start":{"line":15,"column":86},"end":{"line":24,"column":1}},"3":{"start":{"line":25,"column":17},"end":{"line":33,"column":1}},"4":{"start":{"line":34,"column":17},"end":{"line":41,"column":1}},"5":{"start":{"line":42,"column":45},"end":{"line":50,"column":1}},"6":{"start":{"line":43,"column":21},"end":{"line":43,"column":45}},"7":{"start":{"line":44,"column":4},"end":{"line":49,"column":6}}},"fnMap":{"0":{"name":"(anonymous_0)","decl":{"start":{"line":15,"column":27},"end":{"line":15,"column":28}},"loc":{"start":{"line":15,"column":86},"end":{"line":24,"column":1}},"line":15},"1":{"name":"(anonymous_1)","decl":{"start":{"line":42,"column":45},"end":{"line":42,"column":46}},"loc":{"start":{"line":42,"column":84},"end":{"line":50,"column":1}},"line":42}},"branchMap":{"0":{"loc":{"start":{"line":19,"column":21},"end":{"line":19,"column":72}},"type":"cond-expr","locations":[{"start":{"line":19,"column":49},"end":{"line":19,"column":58}},{"start":{"line":19,"column":61},"end":{"line":19,"column":72}}],"line":19}},"s":{"0":3,"1":3,"2":0,"3":3,"4":3,"5":3,"6":0,"7":0},"f":{"0":0,"1":0},"b":{"0":[0,0]},"_coverageSchema":"1a1c01bbd47fc00a2c39e90264f33305004495a9","hash":"bc5a378573aaf76ee75e945fcc3a80993016cf7a"}
,"C:\\Users\\Мария\\Documents\\Web Projects\\Frontier\\src\\components\\BarChart\\Bar\\index.ts": {"path":"C:\\Users\\Мария\\Documents\\Web Projects\\Frontier\\src\\components\\BarChart\\Bar\\index.ts","statementMap":{},"fnMap":{},"branchMap":{},"s":{},"f":{},"b":{},"_coverageSchema":"1a1c01bbd47fc00a2c39e90264f33305004495a9","hash":"fd10782fe86f43fff27be67951bdd8431d2ce2d0"}
,"C:\\Users\\Мария\\Documents\\Web Projects\\Frontier\\src\\components\\WrapperApp\\WrapperApp.tsx": {"path":"C:\\Users\\Мария\\Documents\\Web Projects\\Frontier\\src\\components\\WrapperApp\\WrapperApp.tsx","statementMap":{"0":{"start":{"line":27,"column":13},"end":{"line":36,"column":1}},"1":{"start":{"line":38,"column":49},"end":{"line":127,"column":1}},"2":{"start":{"line":39,"column":20},"end":{"line":39,"column":31}},"3":{"start":{"line":40,"column":29},"end":{"line":42,"column":5}},"4":{"start":{"line":41,"column":8},"end":{"line":41,"column":22}},"5":{"start":{"line":43,"column":30},"end":{"line":45,"column":5}},"6":{"start":{"line":44,"column":8},"end":{"line":44,"column":23}},"7":{"start":{"line":47,"column":28},"end":{"line":47,"column":49}},"8":{"start":{"line":48,"column":4},"end":{"line":126,"column":6}}},"fnMap":{"0":{"name":"(anonymous_0)","decl":{"start":{"line":38,"column":49},"end":{"line":38,"column":50}},"loc":{"start":{"line":38,"column":60},"end":{"line":127,"column":1}},"line":38},"1":{"name":"(anonymous_1)","decl":{"start":{"line":40,"column":29},"end":{"line":40,"column":30}},"loc":{"start":{"line":40,"column":35},"end":{"line":42,"column":5}},"line":40},"2":{"name":"(anonymous_2)","decl":{"start":{"line":43,"column":30},"end":{"line":43,"column":31}},"loc":{"start":{"line":43,"column":36},"end":{"line":45,"column":5}},"line":43}},"branchMap":{"0":{"loc":{"start":{"line":89,"column":25},"end":{"line":89,"column":95}},"type":"cond-expr","locations":[{"start":{"line":89,"column":53},"end":{"line":89,"column":73}},{"start":{"line":89,"column":76},"end":{"line":89,"column":95}}],"line":89}},"s":{"0":3,"1":3,"2":0,"3":0,"4":0,"5":0,"6":0,"7":0,"8":0},"f":{"0":0,"1":0,"2":0},"b":{"0":[0,0]},"_coverageSchema":"1a1c01bbd47fc00a2c39e90264f33305004495a9","hash":"e1e5f16fd6aac47115c781087de98455792685a2"}
,"C:\\Users\\Мария\\Documents\\Web Projects\\Frontier\\src\\components\\WrapperApp\\index.ts": {"path":"C:\\Users\\Мария\\Documents\\Web Projects\\Frontier\\src\\components\\WrapperApp\\index.ts","statementMap":{},"fnMap":{},"branchMap":{},"s":{},"f":{},"b":{},"_coverageSchema":"1a1c01bbd47fc00a2c39e90264f33305004495a9","hash":"f381580a0a22d061c17b9741b3c92b850c15f2be"}
,"C:\\Users\\Мария\\Documents\\Web Projects\\Frontier\\src\\screens\\NotFoundScreen.tsx": {"path":"C:\\Users\\Мария\\Documents\\Web Projects\\Frontier\\src\\screens\\NotFoundScreen.tsx","statementMap":{"0":{"start":{"line":3,"column":53},"end":{"line":5,"column":1}},"1":{"start":{"line":4,"column":4},"end":{"line":4,"column":24}}},"fnMap":{"0":{"name":"(anonymous_0)","decl":{"start":{"line":3,"column":53},"end":{"line":3,"column":54}},"loc":{"start":{"line":3,"column":59},"end":{"line":5,"column":1}},"line":3}},"branchMap":{},"s":{"0":3,"1":0},"f":{"0":0},"b":{},"_coverageSchema":"1a1c01bbd47fc00a2c39e90264f33305004495a9","hash":"2009547175b35a496b6beff8c2c082ebfd1942e9"}
,"C:\\Users\\Мария\\Documents\\Web Projects\\Frontier\\src\\screens\\index.ts": {"path":"C:\\Users\\Мария\\Documents\\Web Projects\\Frontier\\src\\screens\\index.ts","statementMap":{},"fnMap":{},"branchMap":{},"s":{},"f":{},"b":{},"_coverageSchema":"1a1c01bbd47fc00a2c39e90264f33305004495a9","hash":"ba518a0d6e0475e510dd4b44620b33fe96ebcee1"}
,"C:\\Users\\Мария\\Documents\\Web Projects\\Frontier\\src\\screens\\StatisticsScreen\\StatisticsScreen.tsx": {"path":"C:\\Users\\Мария\\Documents\\Web Projects\\Frontier\\src\\screens\\StatisticsScreen\\StatisticsScreen.tsx","statementMap":{"0":{"start":{"line":21,"column":17},"end":{"line":27,"column":1}},"1":{"start":{"line":38,"column":54},"end":{"line":122,"column":1}},"2":{"start":{"line":48,"column":23},"end":{"line":52,"column":5}},"3":{"start":{"line":54,"column":4},"end":{"line":69,"column":5}},"4":{"start":{"line":56,"column":12},"end":{"line":56,"column":75}},"5":{"start":{"line":57,"column":12},"end":{"line":57,"column":18}},"6":{"start":{"line":59,"column":12},"end":{"line":59,"column":81}},"7":{"start":{"line":60,"column":12},"end":{"line":60,"column":18}},"8":{"start":{"line":62,"column":12},"end":{"line":62,"column":76}},"9":{"start":{"line":63,"column":12},"end":{"line":63,"column":18}},"10":{"start":{"line":65,"column":12},"end":{"line":65,"column":77}},"11":{"start":{"line":66,"column":12},"end":{"line":66,"column":18}},"12":{"start":{"line":68,"column":12},"end":{"line":68,"column":75}},"13":{"start":{"line":70,"column":25},"end":{"line":72,"column":5}},"14":{"start":{"line":71,"column":8},"end":{"line":71,"column":64}},"15":{"start":{"line":73,"column":28},"end":{"line":75,"column":5}},"16":{"start":{"line":74,"column":8},"end":{"line":74,"column":44}},"17":{"start":{"line":76,"column":26},"end":{"line":78,"column":5}},"18":{"start":{"line":77,"column":8},"end":{"line":77,"column":42}},"19":{"start":{"line":79,"column":4},"end":{"line":89,"column":7}},"20":{"start":{"line":80,"column":8},"end":{"line":82,"column":9}},"21":{"start":{"line":81,"column":12},"end":{"line":81,"column":72}},"22":{"start":{"line":83,"column":8},"end":{"line":85,"column":9}},"23":{"start":{"line":84,"column":12},"end":{"line":84,"column":57}},"24":{"start":{"line":86,"column":8},"end":{"line":88,"column":9}},"25":{"start":{"line":87,"column":12},"end":{"line":87,"column":47}},"26":{"start":{"line":90,"column":4},"end":{"line":121,"column":6}},"27":{"start":{"line":123,"column":24},"end":{"line":131,"column":1}},"28":{"start":{"line":124,"column":4},"end":{"line":130,"column":6}},"29":{"start":{"line":132,"column":27},"end":{"line":136,"column":1}},"30":{"start":{"line":138,"column":32},"end":{"line":138,"column":97}}},"fnMap":{"0":{"name":"(anonymous_0)","decl":{"start":{"line":38,"column":54},"end":{"line":38,"column":55}},"loc":{"start":{"line":47,"column":6},"end":{"line":122,"column":1}},"line":47},"1":{"name":"(anonymous_1)","decl":{"start":{"line":70,"column":25},"end":{"line":70,"column":26}},"loc":{"start":{"line":70,"column":75},"end":{"line":72,"column":5}},"line":70},"2":{"name":"(anonymous_2)","decl":{"start":{"line":73,"column":28},"end":{"line":73,"column":29}},"loc":{"start":{"line":73,"column":77},"end":{"line":75,"column":5}},"line":73},"3":{"name":"(anonymous_3)","decl":{"start":{"line":76,"column":26},"end":{"line":76,"column":27}},"loc":{"start":{"line":76,"column":75},"end":{"line":78,"column":5}},"line":76},"4":{"name":"(anonymous_4)","decl":{"start":{"line":79,"column":14},"end":{"line":79,"column":15}},"loc":{"start":{"line":79,"column":20},"end":{"line":89,"column":5}},"line":79},"5":{"name":"(anonymous_5)","decl":{"start":{"line":123,"column":24},"end":{"line":123,"column":25}},"loc":{"start":{"line":123,"column":42},"end":{"line":131,"column":1}},"line":123}},"branchMap":{"0":{"loc":{"start":{"line":54,"column":4},"end":{"line":69,"column":5}},"type":"switch","locations":[{"start":{"line":55,"column":8},"end":{"line":57,"column":18}},{"start":{"line":58,"column":8},"end":{"line":60,"column":18}},{"start":{"line":61,"column":8},"end":{"line":63,"column":18}},{"start":{"line":64,"column":8},"end":{"line":66,"column":18}},{"start":{"line":67,"column":8},"end":{"line":68,"column":75}}],"line":54},"1":{"loc":{"start":{"line":80,"column":8},"end":{"line":82,"column":9}},"type":"if","locations":[{"start":{"line":80,"column":8},"end":{"line":82,"column":9}},{"start":{"line":80,"column":8},"end":{"line":82,"column":9}}],"line":80},"2":{"loc":{"start":{"line":83,"column":8},"end":{"line":85,"column":9}},"type":"if","locations":[{"start":{"line":83,"column":8},"end":{"line":85,"column":9}},{"start":{"line":83,"column":8},"end":{"line":85,"column":9}}],"line":83},"3":{"loc":{"start":{"line":86,"column":8},"end":{"line":88,"column":9}},"type":"if","locations":[{"start":{"line":86,"column":8},"end":{"line":88,"column":9}},{"start":{"line":86,"column":8},"end":{"line":88,"column":9}}],"line":86}},"s":{"0":3,"1":3,"2":0,"3":0,"4":0,"5":0,"6":0,"7":0,"8":0,"9":0,"10":0,"11":0,"12":0,"13":0,"14":0,"15":0,"16":0,"17":0,"18":0,"19":0,"20":0,"21":0,"22":0,"23":0,"24":0,"25":0,"26":0,"27":3,"28":0,"29":3,"30":3},"f":{"0":0,"1":0,"2":0,"3":0,"4":0,"5":0},"b":{"0":[0,0,0,0,0],"1":[0,0],"2":[0,0],"3":[0,0]},"_coverageSchema":"1a1c01bbd47fc00a2c39e90264f33305004495a9","hash":"08e4a6e8e7e30c00fc10add586cf04c60e13d01d"}
,"C:\\Users\\Мария\\Documents\\Web Projects\\Frontier\\src\\screens\\StatisticsScreen\\index.ts": {"path":"C:\\Users\\Мария\\Documents\\Web Projects\\Frontier\\src\\screens\\StatisticsScreen\\index.ts","statementMap":{},"fnMap":{},"branchMap":{},"s":{},"f":{},"b":{},"_coverageSchema":"1a1c01bbd47fc00a2c39e90264f33305004495a9","hash":"b8b0fbd44b75fc76ad0f157d21405a0ddcdcc9e9"}
,"C:\\Users\\Мария\\Documents\\Web Projects\\Frontier\\src\\screens\\StatisticsScreen\\reducer.ts": {"path":"C:\\Users\\Мария\\Documents\\Web Projects\\Frontier\\src\\screens\\StatisticsScreen\\reducer.ts","statementMap":{"0":{"start":{"line":9,"column":45},"end":{"line":13,"column":1}},"1":{"start":{"line":15,"column":31},"end":{"line":29,"column":2}},"2":{"start":{"line":20,"column":12},"end":{"line":20,"column":38}},"3":{"start":{"line":23,"column":12},"end":{"line":23,"column":36}},"4":{"start":{"line":26,"column":12},"end":{"line":26,"column":48}},"5":{"start":{"line":31,"column":36},"end":{"line":31,"column":51}}},"fnMap":{"0":{"name":"(anonymous_0)","decl":{"start":{"line":19,"column":25},"end":{"line":19,"column":26}},"loc":{"start":{"line":19,"column":72},"end":{"line":21,"column":9}},"line":19},"1":{"name":"(anonymous_1)","decl":{"start":{"line":22,"column":23},"end":{"line":22,"column":24}},"loc":{"start":{"line":22,"column":70},"end":{"line":24,"column":9}},"line":22},"2":{"name":"(anonymous_2)","decl":{"start":{"line":25,"column":35},"end":{"line":25,"column":36}},"loc":{"start":{"line":25,"column":82},"end":{"line":27,"column":9}},"line":25}},"branchMap":{},"s":{"0":4,"1":4,"2":1,"3":1,"4":1,"5":4},"f":{"0":1,"1":1,"2":1},"b":{},"_coverageSchema":"1a1c01bbd47fc00a2c39e90264f33305004495a9","hash":"bf55f713a39f180d2bfb75fe3ebd2559d0911651"}
,"C:\\Users\\Мария\\Documents\\Web Projects\\Frontier\\src\\screens\\TariffsScreen\\TariffsScreen.tsx": {"path":"C:\\Users\\Мария\\Documents\\Web Projects\\Frontier\\src\\screens\\TariffsScreen\\TariffsScreen.tsx","statementMap":{"0":{"start":{"line":16,"column":26},"end":{"line":21,"column":1}},"1":{"start":{"line":17,"column":4},"end":{"line":20,"column":6}},"2":{"start":{"line":18,"column":8},"end":{"line":18,"column":24}},"3":{"start":{"line":19,"column":8},"end":{"line":19,"column":33}},"4":{"start":{"line":22,"column":58},"end":{"line":64,"column":1}},"5":{"start":{"line":28,"column":4},"end":{"line":63,"column":6}},"6":{"start":{"line":66,"column":24},"end":{"line":66,"column":61}},"7":{"start":{"line":66,"column":49},"end":{"line":66,"column":60}},"8":{"start":{"line":68,"column":27},"end":{"line":72,"column":1}},"9":{"start":{"line":74,"column":29},"end":{"line":74,"column":91}}},"fnMap":{"0":{"name":"(anonymous_0)","decl":{"start":{"line":16,"column":26},"end":{"line":16,"column":27}},"loc":{"start":{"line":16,"column":64},"end":{"line":21,"column":1}},"line":16},"1":{"name":"(anonymous_1)","decl":{"start":{"line":17,"column":11},"end":{"line":17,"column":12}},"loc":{"start":{"line":17,"column":32},"end":{"line":20,"column":5}},"line":17},"2":{"name":"(anonymous_2)","decl":{"start":{"line":22,"column":58},"end":{"line":22,"column":59}},"loc":{"start":{"line":27,"column":6},"end":{"line":64,"column":1}},"line":27},"3":{"name":"(anonymous_3)","decl":{"start":{"line":66,"column":24},"end":{"line":66,"column":25}},"loc":{"start":{"line":66,"column":49},"end":{"line":66,"column":60}},"line":66}},"branchMap":{},"s":{"0":3,"1":0,"2":0,"3":0,"4":3,"5":0,"6":3,"7":0,"8":3,"9":3},"f":{"0":0,"1":0,"2":0,"3":0},"b":{},"_coverageSchema":"1a1c01bbd47fc00a2c39e90264f33305004495a9","hash":"4d566ed0fd76256ff111ebe8e7a61097b106ae27"}
,"C:\\Users\\Мария\\Documents\\Web Projects\\Frontier\\src\\screens\\TariffsScreen\\index.ts": {"path":"C:\\Users\\Мария\\Documents\\Web Projects\\Frontier\\src\\screens\\TariffsScreen\\index.ts","statementMap":{},"fnMap":{},"branchMap":{},"s":{},"f":{},"b":{},"_coverageSchema":"1a1c01bbd47fc00a2c39e90264f33305004495a9","hash":"6486b836b1f7dac48d90f3ba1cd2006677211ccc"}
,"C:\\Users\\Мария\\Documents\\Web Projects\\Frontier\\src\\screens\\TariffsScreen\\reducer.ts": {"path":"C:\\Users\\Мария\\Documents\\Web Projects\\Frontier\\src\\screens\\TariffsScreen\\reducer.ts","statementMap":{"0":{"start":{"line":11,"column":38},"end":{"line":40,"column":1}},"1":{"start":{"line":42,"column":28},"end":{"line":63,"column":2}},"2":{"start":{"line":48,"column":16},"end":{"line":48,"column":39}},"3":{"start":{"line":49,"column":16},"end":{"line":49,"column":43}},"4":{"start":{"line":52,"column":16},"end":{"line":52,"column":36}},"5":{"start":{"line":56,"column":32},"end":{"line":56,"column":85}},"6":{"start":{"line":56,"column":60},"end":{"line":56,"column":84}},"7":{"start":{"line":57,"column":12},"end":{"line":57,"column":41}},"8":{"start":{"line":60,"column":12},"end":{"line":60,"column":70}},"9":{"start":{"line":60,"column":44},"end":{"line":60,"column":68}},"10":{"start":{"line":65,"column":36},"end":{"line":65,"column":48}}},"fnMap":{"0":{"name":"(anonymous_0)","decl":{"start":{"line":47,"column":21},"end":{"line":47,"column":22}},"loc":{"start":{"line":47,"column":41},"end":{"line":50,"column":13}},"line":47},"1":{"name":"(anonymous_1)","decl":{"start":{"line":51,"column":21},"end":{"line":51,"column":22}},"loc":{"start":{"line":51,"column":68},"end":{"line":53,"column":13}},"line":51},"2":{"name":"(anonymous_2)","decl":{"start":{"line":55,"column":14},"end":{"line":55,"column":15}},"loc":{"start":{"line":55,"column":61},"end":{"line":58,"column":9}},"line":55},"3":{"name":"(anonymous_3)","decl":{"start":{"line":56,"column":48},"end":{"line":56,"column":49}},"loc":{"start":{"line":56,"column":60},"end":{"line":56,"column":84}},"line":56},"4":{"name":"(anonymous_4)","decl":{"start":{"line":59,"column":16},"end":{"line":59,"column":17}},"loc":{"start":{"line":59,"column":63},"end":{"line":61,"column":9}},"line":59},"5":{"name":"(anonymous_5)","decl":{"start":{"line":60,"column":32},"end":{"line":60,"column":33}},"loc":{"start":{"line":60,"column":44},"end":{"line":60,"column":68}},"line":60}},"branchMap":{},"s":{"0":4,"1":4,"2":1,"3":1,"4":1,"5":1,"6":1,"7":1,"8":1,"9":1,"10":4},"f":{"0":1,"1":1,"2":1,"3":1,"4":1,"5":1},"b":{},"_coverageSchema":"1a1c01bbd47fc00a2c39e90264f33305004495a9","hash":"941987351df9318d9db6a7445560249c623f9930"}
,"C:\\Users\\Мария\\Documents\\Web Projects\\Frontier\\src\\screens\\VisitorsScreen\\VisitorsScreen.tsx": {"path":"C:\\Users\\Мария\\Documents\\Web Projects\\Frontier\\src\\screens\\VisitorsScreen\\VisitorsScreen.tsx","statementMap":{"0":{"start":{"line":45,"column":17},"end":{"line":49,"column":1}},"1":{"start":{"line":50,"column":20},"end":{"line":54,"column":1}},"2":{"start":{"line":56,"column":24},"end":{"line":61,"column":1}},"3":{"start":{"line":57,"column":29},"end":{"line":59,"column":6}},"4":{"start":{"line":58,"column":8},"end":{"line":58,"column":50}},"5":{"start":{"line":60,"column":4},"end":{"line":60,"column":40}},"6":{"start":{"line":62,"column":26},"end":{"line":67,"column":1}},"7":{"start":{"line":63,"column":4},"end":{"line":66,"column":6}},"8":{"start":{"line":64,"column":8},"end":{"line":64,"column":24}},"9":{"start":{"line":65,"column":8},"end":{"line":65,"column":33}},"10":{"start":{"line":68,"column":52},"end":{"line":248,"column":1}},"11":{"start":{"line":86,"column":30},"end":{"line":93,"column":5}},"12":{"start":{"line":87,"column":40},"end":{"line":87,"column":98}},"13":{"start":{"line":87,"column":67},"end":{"line":87,"column":96}},"14":{"start":{"line":88,"column":8},"end":{"line":92,"column":9}},"15":{"start":{"line":89,"column":12},"end":{"line":89,"column":94}},"16":{"start":{"line":91,"column":12},"end":{"line":91,"column":95}},"17":{"start":{"line":94,"column":40},"end":{"line":94,"column":42}},"18":{"start":{"line":95,"column":4},"end":{"line":98,"column":22}},"19":{"start":{"line":96,"column":8},"end":{"line":96,"column":41}},"20":{"start":{"line":97,"column":8},"end":{"line":97,"column":22}},"21":{"start":{"line":100,"column":4},"end":{"line":107,"column":7}},"22":{"start":{"line":101,"column":25},"end":{"line":103,"column":17}},"23":{"start":{"line":102,"column":12},"end":{"line":102,"column":36}},"24":{"start":{"line":104,"column":8},"end":{"line":106,"column":10}},"25":{"start":{"line":105,"column":12},"end":{"line":105,"column":36}},"26":{"start":{"line":108,"column":4},"end":{"line":247,"column":6}},"27":{"start":{"line":117,"column":28},"end":{"line":124,"column":29}},"28":{"start":{"line":118,"column":55},"end":{"line":118,"column":64}},"29":{"start":{"line":119,"column":56},"end":{"line":119,"column":63}},"30":{"start":{"line":121,"column":32},"end":{"line":121,"column":61}},"31":{"start":{"line":123,"column":32},"end":{"line":123,"column":42}},"32":{"start":{"line":139,"column":28},"end":{"line":143,"column":29}},"33":{"start":{"line":140,"column":32},"end":{"line":140,"column":46}},"34":{"start":{"line":142,"column":32},"end":{"line":142,"column":79}},"35":{"start":{"line":151,"column":28},"end":{"line":151,"column":80}},"36":{"start":{"line":162,"column":28},"end":{"line":166,"column":29}},"37":{"start":{"line":163,"column":32},"end":{"line":163,"column":53}},"38":{"start":{"line":165,"column":32},"end":{"line":165,"column":57}},"39":{"start":{"line":167,"column":28},"end":{"line":176,"column":30}},"40":{"start":{"line":171,"column":55},"end":{"line":171,"column":81}},"41":{"start":{"line":191,"column":28},"end":{"line":191,"column":71}},"42":{"start":{"line":192,"column":28},"end":{"line":192,"column":57}},"43":{"start":{"line":199,"column":28},"end":{"line":199,"column":71}},"44":{"start":{"line":200,"column":42},"end":{"line":200,"column":76}},"45":{"start":{"line":201,"column":28},"end":{"line":201,"column":50}},"46":{"start":{"line":202,"column":28},"end":{"line":202,"column":51}},"47":{"start":{"line":203,"column":28},"end":{"line":203,"column":57}},"48":{"start":{"line":215,"column":24},"end":{"line":230,"column":27}},"49":{"start":{"line":222,"column":40},"end":{"line":224,"column":85}},"50":{"start":{"line":238,"column":20},"end":{"line":238,"column":92}},"51":{"start":{"line":239,"column":20},"end":{"line":239,"column":50}},"52":{"start":{"line":244,"column":29},"end":{"line":244,"column":58}},"53":{"start":{"line":250,"column":24},"end":{"line":259,"column":1}},"54":{"start":{"line":251,"column":4},"end":{"line":258,"column":6}},"55":{"start":{"line":261,"column":27},"end":{"line":273,"column":1}},"56":{"start":{"line":275,"column":30},"end":{"line":275,"column":93}}},"fnMap":{"0":{"name":"(anonymous_0)","decl":{"start":{"line":56,"column":24},"end":{"line":56,"column":25}},"loc":{"start":{"line":56,"column":49},"end":{"line":61,"column":1}},"line":56},"1":{"name":"(anonymous_1)","decl":{"start":{"line":57,"column":45},"end":{"line":57,"column":46}},"loc":{"start":{"line":57,"column":58},"end":{"line":59,"column":5}},"line":57},"2":{"name":"(anonymous_2)","decl":{"start":{"line":62,"column":26},"end":{"line":62,"column":27}},"loc":{"start":{"line":62,"column":66},"end":{"line":67,"column":1}},"line":62},"3":{"name":"(anonymous_3)","decl":{"start":{"line":63,"column":11},"end":{"line":63,"column":12}},"loc":{"start":{"line":63,"column":33},"end":{"line":66,"column":5}},"line":63},"4":{"name":"(anonymous_4)","decl":{"start":{"line":68,"column":52},"end":{"line":68,"column":53}},"loc":{"start":{"line":85,"column":6},"end":{"line":248,"column":1}},"line":85},"5":{"name":"(anonymous_5)","decl":{"start":{"line":86,"column":30},"end":{"line":86,"column":31}},"loc":{"start":{"line":86,"column":56},"end":{"line":93,"column":5}},"line":86},"6":{"name":"(anonymous_6)","decl":{"start":{"line":87,"column":54},"end":{"line":87,"column":55}},"loc":{"start":{"line":87,"column":67},"end":{"line":87,"column":96}},"line":87},"7":{"name":"(anonymous_7)","decl":{"start":{"line":95,"column":35},"end":{"line":95,"column":36}},"loc":{"start":{"line":95,"column":61},"end":{"line":98,"column":5}},"line":95},"8":{"name":"(anonymous_8)","decl":{"start":{"line":100,"column":14},"end":{"line":100,"column":15}},"loc":{"start":{"line":100,"column":20},"end":{"line":107,"column":5}},"line":100},"9":{"name":"(anonymous_9)","decl":{"start":{"line":101,"column":37},"end":{"line":101,"column":38}},"loc":{"start":{"line":101,"column":43},"end":{"line":103,"column":9}},"line":101},"10":{"name":"(anonymous_10)","decl":{"start":{"line":104,"column":15},"end":{"line":104,"column":16}},"loc":{"start":{"line":104,"column":21},"end":{"line":106,"column":9}},"line":104},"11":{"name":"(anonymous_11)","decl":{"start":{"line":116,"column":34},"end":{"line":116,"column":35}},"loc":{"start":{"line":116,"column":47},"end":{"line":125,"column":25}},"line":116},"12":{"name":"(anonymous_12)","decl":{"start":{"line":118,"column":45},"end":{"line":118,"column":46}},"loc":{"start":{"line":118,"column":55},"end":{"line":118,"column":64}},"line":118},"13":{"name":"(anonymous_13)","decl":{"start":{"line":119,"column":46},"end":{"line":119,"column":47}},"loc":{"start":{"line":119,"column":56},"end":{"line":119,"column":63}},"line":119},"14":{"name":"(anonymous_14)","decl":{"start":{"line":138,"column":32},"end":{"line":138,"column":33}},"loc":{"start":{"line":138,"column":45},"end":{"line":144,"column":25}},"line":138},"15":{"name":"(anonymous_15)","decl":{"start":{"line":150,"column":32},"end":{"line":150,"column":33}},"loc":{"start":{"line":150,"column":45},"end":{"line":152,"column":25}},"line":150},"16":{"name":"(anonymous_16)","decl":{"start":{"line":160,"column":32},"end":{"line":160,"column":33}},"loc":{"start":{"line":160,"column":45},"end":{"line":177,"column":25}},"line":160},"17":{"name":"(anonymous_17)","decl":{"start":{"line":171,"column":49},"end":{"line":171,"column":50}},"loc":{"start":{"line":171,"column":55},"end":{"line":171,"column":81}},"line":171},"18":{"name":"(anonymous_18)","decl":{"start":{"line":190,"column":33},"end":{"line":190,"column":34}},"loc":{"start":{"line":190,"column":48},"end":{"line":193,"column":25}},"line":190},"19":{"name":"(anonymous_19)","decl":{"start":{"line":198,"column":33},"end":{"line":198,"column":34}},"loc":{"start":{"line":198,"column":48},"end":{"line":204,"column":25}},"line":198},"20":{"name":"(anonymous_20)","decl":{"start":{"line":214,"column":29},"end":{"line":214,"column":30}},"loc":{"start":{"line":215,"column":24},"end":{"line":230,"column":27}},"line":215},"21":{"name":"(anonymous_21)","decl":{"start":{"line":221,"column":45},"end":{"line":221,"column":46}},"loc":{"start":{"line":221,"column":51},"end":{"line":225,"column":37}},"line":221},"22":{"name":"(anonymous_22)","decl":{"start":{"line":237,"column":30},"end":{"line":237,"column":31}},"loc":{"start":{"line":237,"column":36},"end":{"line":240,"column":17}},"line":237},"23":{"name":"(anonymous_23)","decl":{"start":{"line":244,"column":23},"end":{"line":244,"column":24}},"loc":{"start":{"line":244,"column":29},"end":{"line":244,"column":58}},"line":244},"24":{"name":"(anonymous_24)","decl":{"start":{"line":250,"column":24},"end":{"line":250,"column":25}},"loc":{"start":{"line":250,"column":42},"end":{"line":259,"column":1}},"line":250}},"branchMap":{"0":{"loc":{"start":{"line":88,"column":8},"end":{"line":92,"column":9}},"type":"if","locations":[{"start":{"line":88,"column":8},"end":{"line":92,"column":9}},{"start":{"line":88,"column":8},"end":{"line":92,"column":9}}],"line":88},"1":{"loc":{"start":{"line":117,"column":28},"end":{"line":124,"column":29}},"type":"if","locations":[{"start":{"line":117,"column":28},"end":{"line":124,"column":29}},{"start":{"line":117,"column":28},"end":{"line":124,"column":29}}],"line":117},"2":{"loc":{"start":{"line":118,"column":32},"end":{"line":119,"column":85}},"type":"binary-expr","locations":[{"start":{"line":118,"column":32},"end":{"line":118,"column":88}},{"start":{"line":119,"column":32},"end":{"line":119,"column":85}}],"line":118},"3":{"loc":{"start":{"line":139,"column":28},"end":{"line":143,"column":29}},"type":"if","locations":[{"start":{"line":139,"column":28},"end":{"line":143,"column":29}},{"start":{"line":139,"column":28},"end":{"line":143,"column":29}}],"line":139},"4":{"loc":{"start":{"line":162,"column":28},"end":{"line":166,"column":29}},"type":"if","locations":[{"start":{"line":162,"column":28},"end":{"line":166,"column":29}},{"start":{"line":162,"column":28},"end":{"line":166,"column":29}}],"line":162},"5":{"loc":{"start":{"line":191,"column":35},"end":{"line":191,"column":70}},"type":"cond-expr","locations":[{"start":{"line":191,"column":57},"end":{"line":191,"column":61}},{"start":{"line":191,"column":64},"end":{"line":191,"column":70}}],"line":191},"6":{"loc":{"start":{"line":199,"column":35},"end":{"line":199,"column":70}},"type":"cond-expr","locations":[{"start":{"line":199,"column":57},"end":{"line":199,"column":61}},{"start":{"line":199,"column":64},"end":{"line":199,"column":70}}],"line":199},"7":{"loc":{"start":{"line":222,"column":40},"end":{"line":224,"column":84}},"type":"cond-expr","locations":[{"start":{"line":223,"column":46},"end":{"line":223,"column":66}},{"start":{"line":224,"column":46},"end":{"line":224,"column":84}}],"line":222}},"s":{"0":3,"1":3,"2":3,"3":0,"4":0,"5":0,"6":3,"7":0,"8":0,"9":0,"10":3,"11":0,"12":0,"13":0,"14":0,"15":0,"16":0,"17":0,"18":0,"19":0,"20":0,"21":0,"22":0,"23":0,"24":0,"25":0,"26":0,"27":0,"28":0,"29":0,"30":0,"31":0,"32":0,"33":0,"34":0,"35":0,"36":0,"37":0,"38":0,"39":0,"40":0,"41":0,"42":0,"43":0,"44":0,"45":0,"46":0,"47":0,"48":0,"49":0,"50":0,"51":0,"52":0,"53":3,"54":0,"55":3,"56":3},"f":{"0":0,"1":0,"2":0,"3":0,"4":0,"5":0,"6":0,"7":0,"8":0,"9":0,"10":0,"11":0,"12":0,"13":0,"14":0,"15":0,"16":0,"17":0,"18":0,"19":0,"20":0,"21":0,"22":0,"23":0,"24":0},"b":{"0":[0,0],"1":[0,0],"2":[0,0],"3":[0,0],"4":[0,0],"5":[0,0],"6":[0,0],"7":[0,0]},"_coverageSchema":"1a1c01bbd47fc00a2c39e90264f33305004495a9","hash":"94164f8c129c372e5649c781af89e1ceccaf16ba"}
,"C:\\Users\\Мария\\Documents\\Web Projects\\Frontier\\src\\screens\\VisitorsScreen\\index.ts": {"path":"C:\\Users\\Мария\\Documents\\Web Projects\\Frontier\\src\\screens\\VisitorsScreen\\index.ts","statementMap":{},"fnMap":{},"branchMap":{},"s":{},"f":{},"b":{},"_coverageSchema":"1a1c01bbd47fc00a2c39e90264f33305004495a9","hash":"9e6219f53ab8630800b85b50da221606e6c8b475"}
,"C:\\Users\\Мария\\Documents\\Web Projects\\Frontier\\src\\screens\\VisitorsScreen\\reducer.ts": {"path":"C:\\Users\\Мария\\Documents\\Web Projects\\Frontier\\src\\screens\\VisitorsScreen\\reducer.ts","statementMap":{"0":{"start":{"line":37,"column":43},"end":{"line":77,"column":1}},"1":{"start":{"line":79,"column":29},"end":{"line":149,"column":2}},"2":{"start":{"line":85,"column":32},"end":{"line":85,"column":42}},"3":{"start":{"line":86,"column":16},"end":{"line":86,"column":37}},"4":{"start":{"line":87,"column":16},"end":{"line":87,"column":47}},"5":{"start":{"line":88,"column":16},"end":{"line":88,"column":80}},"6":{"start":{"line":89,"column":16},"end":{"line":89,"column":44}},"7":{"start":{"line":92,"column":16},"end":{"line":92,"column":45}},"8":{"start":{"line":96,"column":33},"end":{"line":96,"column":97}},"9":{"start":{"line":96,"column":71},"end":{"line":96,"column":96}},"10":{"start":{"line":97,"column":12},"end":{"line":97,"column":51}},"11":{"start":{"line":100,"column":12},"end":{"line":100,"column":91}},"12":{"start":{"line":100,"column":64},"end":{"line":100,"column":89}},"13":{"start":{"line":103,"column":33},"end":{"line":103,"column":97}},"14":{"start":{"line":103,"column":71},"end":{"line":103,"column":96}},"15":{"start":{"line":104,"column":12},"end":{"line":104,"column":65}},"16":{"start":{"line":105,"column":12},"end":{"line":108,"column":15}},"17":{"start":{"line":111,"column":12},"end":{"line":113,"column":13}},"18":{"start":{"line":111,"column":25},"end":{"line":111,"column":26}},"19":{"start":{"line":112,"column":16},"end":{"line":112,"column":98}},"20":{"start":{"line":112,"column":68},"end":{"line":112,"column":96}},"21":{"start":{"line":116,"column":12},"end":{"line":125,"column":13}},"22":{"start":{"line":116,"column":25},"end":{"line":116,"column":26}},"23":{"start":{"line":117,"column":37},"end":{"line":119,"column":17}},"24":{"start":{"line":118,"column":33},"end":{"line":118,"column":70}},"25":{"start":{"line":120,"column":16},"end":{"line":120,"column":70}},"26":{"start":{"line":121,"column":16},"end":{"line":124,"column":19}},"27":{"start":{"line":126,"column":12},"end":{"line":126,"column":28}},"28":{"start":{"line":127,"column":12},"end":{"line":127,"column":37}},"29":{"start":{"line":130,"column":12},"end":{"line":130,"column":47}},"30":{"start":{"line":133,"column":12},"end":{"line":133,"column":34}},"31":{"start":{"line":136,"column":12},"end":{"line":136,"column":42}},"32":{"start":{"line":139,"column":12},"end":{"line":139,"column":34}},"33":{"start":{"line":142,"column":12},"end":{"line":142,"column":78}},"34":{"start":{"line":143,"column":12},"end":{"line":143,"column":32}},"35":{"start":{"line":146,"column":12},"end":{"line":146,"column":39}},"36":{"start":{"line":151,"column":36},"end":{"line":151,"column":49}}},"fnMap":{"0":{"name":"(anonymous_0)","decl":{"start":{"line":84,"column":21},"end":{"line":84,"column":22}},"loc":{"start":{"line":84,"column":43},"end":{"line":90,"column":13}},"line":84},"1":{"name":"(anonymous_1)","decl":{"start":{"line":91,"column":21},"end":{"line":91,"column":22}},"loc":{"start":{"line":91,"column":69},"end":{"line":93,"column":13}},"line":91},"2":{"name":"(anonymous_2)","decl":{"start":{"line":95,"column":14},"end":{"line":95,"column":15}},"loc":{"start":{"line":95,"column":62},"end":{"line":98,"column":9}},"line":95},"3":{"name":"(anonymous_3)","decl":{"start":{"line":96,"column":58},"end":{"line":96,"column":59}},"loc":{"start":{"line":96,"column":71},"end":{"line":96,"column":96}},"line":96},"4":{"name":"(anonymous_4)","decl":{"start":{"line":99,"column":16},"end":{"line":99,"column":17}},"loc":{"start":{"line":99,"column":64},"end":{"line":101,"column":9}},"line":99},"5":{"name":"(anonymous_5)","decl":{"start":{"line":100,"column":51},"end":{"line":100,"column":52}},"loc":{"start":{"line":100,"column":64},"end":{"line":100,"column":89}},"line":100},"6":{"name":"(anonymous_6)","decl":{"start":{"line":102,"column":15},"end":{"line":102,"column":16}},"loc":{"start":{"line":102,"column":65},"end":{"line":109,"column":9}},"line":102},"7":{"name":"(anonymous_7)","decl":{"start":{"line":103,"column":58},"end":{"line":103,"column":59}},"loc":{"start":{"line":103,"column":71},"end":{"line":103,"column":96}},"line":103},"8":{"name":"(anonymous_8)","decl":{"start":{"line":110,"column":24},"end":{"line":110,"column":25}},"loc":{"start":{"line":110,"column":74},"end":{"line":114,"column":9}},"line":110},"9":{"name":"(anonymous_9)","decl":{"start":{"line":112,"column":55},"end":{"line":112,"column":56}},"loc":{"start":{"line":112,"column":68},"end":{"line":112,"column":96}},"line":112},"10":{"name":"(anonymous_10)","decl":{"start":{"line":115,"column":21},"end":{"line":115,"column":22}},"loc":{"start":{"line":115,"column":83},"end":{"line":128,"column":9}},"line":115},"11":{"name":"(anonymous_11)","decl":{"start":{"line":118,"column":20},"end":{"line":118,"column":21}},"loc":{"start":{"line":118,"column":33},"end":{"line":118,"column":70}},"line":118},"12":{"name":"(anonymous_12)","decl":{"start":{"line":129,"column":24},"end":{"line":129,"column":25}},"loc":{"start":{"line":129,"column":72},"end":{"line":131,"column":9}},"line":129},"13":{"name":"(anonymous_13)","decl":{"start":{"line":132,"column":24},"end":{"line":132,"column":25}},"loc":{"start":{"line":132,"column":71},"end":{"line":134,"column":9}},"line":132},"14":{"name":"(anonymous_14)","decl":{"start":{"line":135,"column":26},"end":{"line":135,"column":27}},"loc":{"start":{"line":135,"column":76},"end":{"line":137,"column":9}},"line":135},"15":{"name":"(anonymous_15)","decl":{"start":{"line":138,"column":21},"end":{"line":138,"column":22}},"loc":{"start":{"line":138,"column":68},"end":{"line":140,"column":9}},"line":138},"16":{"name":"(anonymous_16)","decl":{"start":{"line":141,"column":20},"end":{"line":141,"column":21}},"loc":{"start":{"line":141,"column":31},"end":{"line":144,"column":9}},"line":141},"17":{"name":"(anonymous_17)","decl":{"start":{"line":145,"column":22},"end":{"line":145,"column":23}},"loc":{"start":{"line":145,"column":33},"end":{"line":147,"column":9}},"line":145}},"branchMap":{},"s":{"0":4,"1":4,"2":1,"3":1,"4":1,"5":1,"6":1,"7":1,"8":1,"9":1,"10":1,"11":1,"12":1,"13":1,"14":1,"15":1,"16":1,"17":1,"18":1,"19":2,"20":5,"21":1,"22":1,"23":2,"24":4,"25":2,"26":2,"27":1,"28":1,"29":1,"30":1,"31":1,"32":1,"33":1,"34":1,"35":1,"36":4},"f":{"0":1,"1":1,"2":1,"3":1,"4":1,"5":1,"6":1,"7":1,"8":1,"9":5,"10":1,"11":4,"12":1,"13":1,"14":1,"15":1,"16":1,"17":1},"b":{},"_coverageSchema":"1a1c01bbd47fc00a2c39e90264f33305004495a9","hash":"635edc76121314171fa964674e1ad8afcaa5fe64"}
,"C:\\Users\\Мария\\Documents\\Web Projects\\Frontier\\src\\utils\\FormatDate.ts": {"path":"C:\\Users\\Мария\\Documents\\Web Projects\\Frontier\\src\\utils\\FormatDate.ts","statementMap":{"0":{"start":{"line":1,"column":33},"end":{"line":3,"column":1}},"1":{"start":{"line":2,"column":4},"end":{"line":2,"column":83}},"2":{"start":{"line":4,"column":33},"end":{"line":6,"column":1}},"3":{"start":{"line":5,"column":4},"end":{"line":5,"column":36}}},"fnMap":{"0":{"name":"(anonymous_0)","decl":{"start":{"line":1,"column":33},"end":{"line":1,"column":34}},"loc":{"start":{"line":1,"column":64},"end":{"line":3,"column":1}},"line":1},"1":{"name":"(anonymous_1)","decl":{"start":{"line":4,"column":33},"end":{"line":4,"column":34}},"loc":{"start":{"line":4,"column":59},"end":{"line":6,"column":1}},"line":4}},"branchMap":{},"s":{"0":4,"1":16,"2":4,"3":1},"f":{"0":16,"1":1},"b":{},"_coverageSchema":"1a1c01bbd47fc00a2c39e90264f33305004495a9","hash":"f7cdfe124a790cc1ace39b7b9d0a3e1e1d14bdee"}
,"C:\\Users\\Мария\\Documents\\Web Projects\\Frontier\\src\\utils\\calculateCost.ts": {"path":"C:\\Users\\Мария\\Documents\\Web Projects\\Frontier\\src\\utils\\calculateCost.ts","statementMap":{"0":{"start":{"line":1,"column":29},"end":{"line":9,"column":1}},"1":{"start":{"line":7,"column":18},"end":{"line":7,"column":33}},"2":{"start":{"line":8,"column":4},"end":{"line":8,"column":59}}},"fnMap":{"0":{"name":"(anonymous_0)","decl":{"start":{"line":1,"column":29},"end":{"line":1,"column":30}},"loc":{"start":{"line":6,"column":13},"end":{"line":9,"column":1}},"line":6}},"branchMap":{"0":{"loc":{"start":{"line":8,"column":11},"end":{"line":8,"column":58}},"type":"cond-expr","locations":[{"start":{"line":8,"column":43},"end":{"line":8,"column":48}},{"start":{"line":8,"column":51},"end":{"line":8,"column":58}}],"line":8},"1":{"loc":{"start":{"line":8,"column":11},"end":{"line":8,"column":40}},"type":"binary-expr","locations":[{"start":{"line":8,"column":11},"end":{"line":8,"column":21}},{"start":{"line":8,"column":25},"end":{"line":8,"column":40}}],"line":8}},"s":{"0":4,"1":14,"2":14},"f":{"0":14},"b":{"0":[1,13],"1":[14,7]},"_coverageSchema":"1a1c01bbd47fc00a2c39e90264f33305004495a9","hash":"2a023856847623de79a744c03d4b8ea3a69903ad"}
,"C:\\Users\\Мария\\Documents\\Web Projects\\Frontier\\src\\utils\\calculateCostHelper.ts": {"path":"C:\\Users\\Мария\\Documents\\Web Projects\\Frontier\\src\\utils\\calculateCostHelper.ts","statementMap":{"0":{"start":{"line":5,"column":35},"end":{"line":22,"column":1}},"1":{"start":{"line":6,"column":4},"end":{"line":6,"column":47}},"2":{"start":{"line":7,"column":16},"end":{"line":7,"column":17}},"3":{"start":{"line":8,"column":4},"end":{"line":20,"column":5}},"4":{"start":{"line":8,"column":17},"end":{"line":8,"column":18}},"5":{"start":{"line":9,"column":25},"end":{"line":9,"column":42}},"6":{"start":{"line":10,"column":30},"end":{"line":10,"column":98}},"7":{"start":{"line":10,"column":56},"end":{"line":10,"column":78}},"8":{"start":{"line":11,"column":27},"end":{"line":11,"column":92}},"9":{"start":{"line":11,"column":53},"end":{"line":11,"column":75}},"10":{"start":{"line":12,"column":33},"end":{"line":13,"column":23}},"11":{"start":{"line":12,"column":59},"end":{"line":12,"column":81}},"12":{"start":{"line":14,"column":8},"end":{"line":19,"column":10}},"13":{"start":{"line":21,"column":4},"end":{"line":21,"column":17}}},"fnMap":{"0":{"name":"(anonymous_0)","decl":{"start":{"line":5,"column":35},"end":{"line":5,"column":36}},"loc":{"start":{"line":5,"column":90},"end":{"line":22,"column":1}},"line":5},"1":{"name":"(anonymous_1)","decl":{"start":{"line":10,"column":44},"end":{"line":10,"column":45}},"loc":{"start":{"line":10,"column":56},"end":{"line":10,"column":78}},"line":10},"2":{"name":"(anonymous_2)","decl":{"start":{"line":11,"column":41},"end":{"line":11,"column":42}},"loc":{"start":{"line":11,"column":53},"end":{"line":11,"column":75}},"line":11},"3":{"name":"(anonymous_3)","decl":{"start":{"line":12,"column":47},"end":{"line":12,"column":48}},"loc":{"start":{"line":12,"column":59},"end":{"line":12,"column":81}},"line":12}},"branchMap":{"0":{"loc":{"start":{"line":6,"column":11},"end":{"line":6,"column":46}},"type":"cond-expr","locations":[{"start":{"line":6,"column":33},"end":{"line":6,"column":37}},{"start":{"line":6,"column":40},"end":{"line":6,"column":46}}],"line":6}},"s":{"0":3,"1":8,"2":8,"3":8,"4":8,"5":9,"6":9,"7":16,"8":9,"9":16,"10":9,"11":16,"12":9,"13":8},"f":{"0":8,"1":16,"2":16,"3":16},"b":{"0":[1,7]},"_coverageSchema":"1a1c01bbd47fc00a2c39e90264f33305004495a9","hash":"2d8da61a8638c4bffc3731ab60ad5601602f2945"}
,"C:\\Users\\Мария\\Documents\\Web Projects\\Frontier\\src\\utils\\calculateDuration.ts": {"path":"C:\\Users\\Мария\\Documents\\Web Projects\\Frontier\\src\\utils\\calculateDuration.ts","statementMap":{"0":{"start":{"line":3,"column":33},"end":{"line":18,"column":1}},"1":{"start":{"line":4,"column":15},"end":{"line":4,"column":16}},"2":{"start":{"line":5,"column":20},"end":{"line":5,"column":21}},"3":{"start":{"line":6,"column":4},"end":{"line":13,"column":5}},"4":{"start":{"line":6,"column":17},"end":{"line":6,"column":18}},"5":{"start":{"line":7,"column":8},"end":{"line":12,"column":9}},"6":{"start":{"line":8,"column":12},"end":{"line":8,"column":43}},"7":{"start":{"line":10,"column":12},"end":{"line":10,"column":51}},"8":{"start":{"line":11,"column":12},"end":{"line":11,"column":26}},"9":{"start":{"line":14,"column":4},"end":{"line":16,"column":5}},"10":{"start":{"line":15,"column":8},"end":{"line":15,"column":39}},"11":{"start":{"line":17,"column":4},"end":{"line":17,"column":36}}},"fnMap":{"0":{"name":"(anonymous_0)","decl":{"start":{"line":3,"column":33},"end":{"line":3,"column":34}},"loc":{"start":{"line":3,"column":66},"end":{"line":18,"column":1}},"line":3}},"branchMap":{"0":{"loc":{"start":{"line":7,"column":8},"end":{"line":12,"column":9}},"type":"if","locations":[{"start":{"line":7,"column":8},"end":{"line":12,"column":9}},{"start":{"line":7,"column":8},"end":{"line":12,"column":9}}],"line":7},"1":{"loc":{"start":{"line":14,"column":4},"end":{"line":16,"column":5}},"type":"if","locations":[{"start":{"line":14,"column":4},"end":{"line":16,"column":5}},{"start":{"line":14,"column":4},"end":{"line":16,"column":5}}],"line":14}},"s":{"0":3,"1":14,"2":14,"3":14,"4":14,"5":30,"6":0,"7":30,"8":30,"9":14,"10":0,"11":14},"f":{"0":14},"b":{"0":[0,30],"1":[0,14]},"_coverageSchema":"1a1c01bbd47fc00a2c39e90264f33305004495a9","hash":"6f7b41d8167898ea30b0a28c9523e38a8c346db4"}
,"C:\\Users\\Мария\\Documents\\Web Projects\\Frontier\\src\\utils\\index.ts": {"path":"C:\\Users\\Мария\\Documents\\Web Projects\\Frontier\\src\\utils\\index.ts","statementMap":{},"fnMap":{},"branchMap":{},"s":{},"f":{},"b":{},"_coverageSchema":"1a1c01bbd47fc00a2c39e90264f33305004495a9","hash":"0dbba4ae70adbc778b27e3a11ac2fa4c645e3d90"}
,"C:\\Users\\Мария\\Documents\\Web Projects\\Frontier\\src\\utils\\initialTheme.ts": {"path":"C:\\Users\\Мария\\Documents\\Web Projects\\Frontier\\src\\utils\\initialTheme.ts","statementMap":{"0":{"start":{"line":4,"column":27},"end":{"line":4,"column":30}},"1":{"start":{"line":6,"column":25},"end":{"line":68,"column":1}},"2":{"start":{"line":7,"column":4},"end":{"line":67,"column":6}},"3":{"start":{"line":70,"column":21},"end":{"line":82,"column":1}}},"fnMap":{"0":{"name":"(anonymous_0)","decl":{"start":{"line":6,"column":36},"end":{"line":6,"column":37}},"loc":{"start":{"line":7,"column":4},"end":{"line":67,"column":6}},"line":7}},"branchMap":{},"s":{"0":3,"1":3,"2":0,"3":3},"f":{"0":0},"b":{},"_coverageSchema":"1a1c01bbd47fc00a2c39e90264f33305004495a9","hash":"e878b65ae785fe67bbb7ec3d01366f3a81438156"}
,"C:\\Users\\Мария\\Documents\\Web Projects\\Frontier\\src\\utils\\localizationMaterialTable.ts": {"path":"C:\\Users\\Мария\\Documents\\Web Projects\\Frontier\\src\\utils\\localizationMaterialTable.ts","statementMap":{"0":{"start":{"line":1,"column":41},"end":{"line":26,"column":1}}},"fnMap":{},"branchMap":{},"s":{"0":3},"f":{},"b":{},"_coverageSchema":"1a1c01bbd47fc00a2c39e90264f33305004495a9","hash":"68401259e3423763979f06f23bfc542d694ade2d"}
,"C:\\Users\\Мария\\Documents\\Web Projects\\Frontier\\src\\utils\\statisticsUtils.ts": {"path":"C:\\Users\\Мария\\Documents\\Web Projects\\Frontier\\src\\utils\\statisticsUtils.ts","statementMap":{"0":{"start":{"line":12,"column":24},"end":{"line":21,"column":1}},"1":{"start":{"line":17,"column":4},"end":{"line":20,"column":7}},"2":{"start":{"line":18,"column":30},"end":{"line":18,"column":73}},"3":{"start":{"line":19,"column":8},"end":{"line":19,"column":70}},"4":{"start":{"line":23,"column":24},"end":{"line":33,"column":1}},"5":{"start":{"line":24,"column":4},"end":{"line":32,"column":11}},"6":{"start":{"line":25,"column":30},"end":{"line":25,"column":98}},"7":{"start":{"line":26,"column":8},"end":{"line":30,"column":9}},"8":{"start":{"line":27,"column":12},"end":{"line":27,"column":52}},"9":{"start":{"line":29,"column":12},"end":{"line":29,"column":50}},"10":{"start":{"line":31,"column":8},"end":{"line":31,"column":26}},"11":{"start":{"line":35,"column":40},"end":{"line":45,"column":1}},"12":{"start":{"line":39,"column":4},"end":{"line":44,"column":7}},"13":{"start":{"line":40,"column":22},"end":{"line":42,"column":13}},"14":{"start":{"line":41,"column":12},"end":{"line":41,"column":66}},"15":{"start":{"line":43,"column":8},"end":{"line":43,"column":44}},"16":{"start":{"line":46,"column":46},"end":{"line":55,"column":1}},"17":{"start":{"line":50,"column":18},"end":{"line":50,"column":57}},"18":{"start":{"line":51,"column":4},"end":{"line":54,"column":8}},"19":{"start":{"line":51,"column":32},"end":{"line":54,"column":5}},"20":{"start":{"line":56,"column":50},"end":{"line":63,"column":1}},"21":{"start":{"line":57,"column":4},"end":{"line":62,"column":7}},"22":{"start":{"line":58,"column":22},"end":{"line":60,"column":13}},"23":{"start":{"line":59,"column":12},"end":{"line":59,"column":78}},"24":{"start":{"line":61,"column":8},"end":{"line":61,"column":63}},"25":{"start":{"line":64,"column":51},"end":{"line":69,"column":1}},"26":{"start":{"line":65,"column":4},"end":{"line":68,"column":7}},"27":{"start":{"line":66,"column":22},"end":{"line":66,"column":38}},"28":{"start":{"line":67,"column":8},"end":{"line":67,"column":44}}},"fnMap":{"0":{"name":"(anonymous_0)","decl":{"start":{"line":12,"column":24},"end":{"line":12,"column":25}},"loc":{"start":{"line":16,"column":21},"end":{"line":21,"column":1}},"line":16},"1":{"name":"(anonymous_1)","decl":{"start":{"line":17,"column":23},"end":{"line":17,"column":24}},"loc":{"start":{"line":17,"column":33},"end":{"line":20,"column":5}},"line":17},"2":{"name":"(anonymous_2)","decl":{"start":{"line":23,"column":24},"end":{"line":23,"column":25}},"loc":{"start":{"line":23,"column":62},"end":{"line":33,"column":1}},"line":23},"3":{"name":"(anonymous_3)","decl":{"start":{"line":24,"column":23},"end":{"line":24,"column":24}},"loc":{"start":{"line":24,"column":69},"end":{"line":32,"column":5}},"line":24},"4":{"name":"(anonymous_4)","decl":{"start":{"line":35,"column":40},"end":{"line":35,"column":41}},"loc":{"start":{"line":38,"column":28},"end":{"line":45,"column":1}},"line":38},"5":{"name":"(anonymous_5)","decl":{"start":{"line":39,"column":33},"end":{"line":39,"column":34}},"loc":{"start":{"line":39,"column":50},"end":{"line":44,"column":5}},"line":39},"6":{"name":"(anonymous_6)","decl":{"start":{"line":40,"column":39},"end":{"line":40,"column":40}},"loc":{"start":{"line":40,"column":77},"end":{"line":42,"column":9}},"line":40},"7":{"name":"(anonymous_7)","decl":{"start":{"line":46,"column":46},"end":{"line":46,"column":47}},"loc":{"start":{"line":49,"column":28},"end":{"line":55,"column":1}},"line":49},"8":{"name":"(anonymous_8)","decl":{"start":{"line":51,"column":21},"end":{"line":51,"column":22}},"loc":{"start":{"line":51,"column":32},"end":{"line":54,"column":5}},"line":51},"9":{"name":"(anonymous_9)","decl":{"start":{"line":56,"column":50},"end":{"line":56,"column":51}},"loc":{"start":{"line":56,"column":95},"end":{"line":63,"column":1}},"line":56},"10":{"name":"(anonymous_10)","decl":{"start":{"line":57,"column":33},"end":{"line":57,"column":34}},"loc":{"start":{"line":57,"column":50},"end":{"line":62,"column":5}},"line":57},"11":{"name":"(anonymous_11)","decl":{"start":{"line":58,"column":39},"end":{"line":58,"column":40}},"loc":{"start":{"line":58,"column":77},"end":{"line":60,"column":9}},"line":58},"12":{"name":"(anonymous_12)","decl":{"start":{"line":64,"column":51},"end":{"line":64,"column":52}},"loc":{"start":{"line":64,"column":96},"end":{"line":69,"column":1}},"line":64},"13":{"name":"(anonymous_13)","decl":{"start":{"line":65,"column":33},"end":{"line":65,"column":34}},"loc":{"start":{"line":65,"column":50},"end":{"line":68,"column":5}},"line":65}},"branchMap":{"0":{"loc":{"start":{"line":19,"column":15},"end":{"line":19,"column":69}},"type":"binary-expr","locations":[{"start":{"line":19,"column":15},"end":{"line":19,"column":41}},{"start":{"line":19,"column":45},"end":{"line":19,"column":69}}],"line":19},"1":{"loc":{"start":{"line":26,"column":8},"end":{"line":30,"column":9}},"type":"if","locations":[{"start":{"line":26,"column":8},"end":{"line":30,"column":9}},{"start":{"line":26,"column":8},"end":{"line":30,"column":9}}],"line":26}},"s":{"0":3,"1":3,"2":9,"3":9,"4":3,"5":5,"6":15,"7":15,"8":5,"9":10,"10":15,"11":3,"12":2,"13":4,"14":6,"15":4,"16":3,"17":1,"18":1,"19":2,"20":3,"21":1,"22":2,"23":3,"24":2,"25":3,"26":1,"27":2,"28":2},"f":{"0":3,"1":9,"2":5,"3":15,"4":2,"5":4,"6":6,"7":1,"8":2,"9":1,"10":2,"11":3,"12":1,"13":2},"b":{"0":[9,9],"1":[5,10]},"_coverageSchema":"1a1c01bbd47fc00a2c39e90264f33305004495a9","hash":"b7ad8bf374f3de3886dee0fc9589806d7b247e65"}
}
