{"C:\\Users\\Мария\\Documents\\Web Projects\\Frontier\\src\\store.ts": {"path":"C:\\Users\\Мария\\Documents\\Web Projects\\Frontier\\src\\store.ts","statementMap":{"0":{"start":{"line":24,"column":16},"end":{"line":28,"column":2}},"1":{"start":{"line":29,"column":22},"end":{"line":32,"column":1}},"2":{"start":{"line":33,"column":25},"end":{"line":33,"column":63}},"3":{"start":{"line":40,"column":27},"end":{"line":50,"column":1}},"4":{"start":{"line":41,"column":4},"end":{"line":49,"column":7}},"5":{"start":{"line":51,"column":21},"end":{"line":51,"column":34}},"6":{"start":{"line":52,"column":25},"end":{"line":52,"column":44}}},"fnMap":{"0":{"name":"(anonymous_0)","decl":{"start":{"line":40,"column":27},"end":{"line":40,"column":28}},"loc":{"start":{"line":40,"column":33},"end":{"line":50,"column":1}},"line":40}},"branchMap":{},"s":{"0":3,"1":3,"2":3,"3":3,"4":9,"5":3,"6":3},"f":{"0":9},"b":{},"_coverageSchema":"1a1c01bbd47fc00a2c39e90264f33305004495a9","hash":"bc9118e641cb5cf2fb68cf5a4a25d5abcc911896"}
,"C:\\Users\\Мария\\Documents\\Web Projects\\Frontier\\src\\components\\index.ts": {"path":"C:\\Users\\Мария\\Documents\\Web Projects\\Frontier\\src\\components\\index.ts","statementMap":{},"fnMap":{},"branchMap":{},"s":{},"f":{},"b":{},"_coverageSchema":"1a1c01bbd47fc00a2c39e90264f33305004495a9","hash":"ef79b5c7825871b74d6fbd14ae3ee59961898e65"}
,"C:\\Users\\Мария\\Documents\\Web Projects\\Frontier\\src\\components\\AlertDialog\\AlertDialog.tsx": {"path":"C:\\Users\\Мария\\Documents\\Web Projects\\Frontier\\src\\components\\AlertDialog\\AlertDialog.tsx","statementMap":{"0":{"start":{"line":13,"column":14},"end":{"line":15,"column":1}},"1":{"start":{"line":25,"column":53},"end":{"line":54,"column":1}},"2":{"start":{"line":34,"column":4},"end":{"line":53,"column":6}}},"fnMap":{"0":{"name":"(anonymous_0)","decl":{"start":{"line":25,"column":53},"end":{"line":25,"column":54}},"loc":{"start":{"line":33,"column":6},"end":{"line":54,"column":1}},"line":33}},"branchMap":{},"s":{"0":7,"1":7,"2":5},"f":{"0":5},"b":{},"_coverageSchema":"1a1c01bbd47fc00a2c39e90264f33305004495a9","hash":"3697ffc52904059ef8e615c5973063ddef4d94c8"}
,"C:\\Users\\Мария\\Documents\\Web Projects\\Frontier\\src\\components\\AlertDialog\\index.ts": {"path":"C:\\Users\\Мария\\Documents\\Web Projects\\Frontier\\src\\components\\AlertDialog\\index.ts","statementMap":{},"fnMap":{},"branchMap":{},"s":{},"f":{},"b":{},"_coverageSchema":"1a1c01bbd47fc00a2c39e90264f33305004495a9","hash":"70656072267c550cbf7854834505782a59931ffb"}
,"C:\\Users\\Мария\\Documents\\Web Projects\\Frontier\\src\\components\\BarChart\\BarChart.tsx": {"path":"C:\\Users\\Мария\\Documents\\Web Projects\\Frontier\\src\\components\\BarChart\\BarChart.tsx","statementMap":{"0":{"start":{"line":15,"column":24},"end":{"line":23,"column":1}},"1":{"start":{"line":25,"column":50},"end":{"line":50,"column":1}},"2":{"start":{"line":26,"column":23},"end":{"line":34,"column":5}},"3":{"start":{"line":27,"column":24},"end":{"line":32,"column":10}},"4":{"start":{"line":28,"column":12},"end":{"line":30,"column":13}},"5":{"start":{"line":29,"column":16},"end":{"line":29,"column":28}},"6":{"start":{"line":31,"column":12},"end":{"line":31,"column":23}},"7":{"start":{"line":33,"column":8},"end":{"line":33,"column":29}},"8":{"start":{"line":35,"column":4},"end":{"line":49,"column":6}},"9":{"start":{"line":38,"column":16},"end":{"line":46,"column":18}}},"fnMap":{"0":{"name":"(anonymous_0)","decl":{"start":{"line":25,"column":50},"end":{"line":25,"column":51}},"loc":{"start":{"line":25,"column":71},"end":{"line":50,"column":1}},"line":25},"1":{"name":"(anonymous_1)","decl":{"start":{"line":26,"column":23},"end":{"line":26,"column":24}},"loc":{"start":{"line":26,"column":29},"end":{"line":34,"column":5}},"line":26},"2":{"name":"(anonymous_2)","decl":{"start":{"line":27,"column":36},"end":{"line":27,"column":37}},"loc":{"start":{"line":27,"column":51},"end":{"line":32,"column":9}},"line":27},"3":{"name":"(anonymous_3)","decl":{"start":{"line":37,"column":22},"end":{"line":37,"column":23}},"loc":{"start":{"line":37,"column":38},"end":{"line":47,"column":13}},"line":37}},"branchMap":{"0":{"loc":{"start":{"line":28,"column":12},"end":{"line":30,"column":13}},"type":"if","locations":[{"start":{"line":28,"column":12},"end":{"line":30,"column":13}},{"start":{"line":28,"column":12},"end":{"line":30,"column":13}}],"line":28}},"s":{"0":7,"1":7,"2":14,"3":3,"4":6,"5":6,"6":0,"7":3,"8":14,"9":3},"f":{"0":14,"1":3,"2":6,"3":3},"b":{"0":[6,0]},"_coverageSchema":"1a1c01bbd47fc00a2c39e90264f33305004495a9","hash":"307358ccdb3209a67a475bd2c5ff68194c534be0"}
,"C:\\Users\\Мария\\Documents\\Web Projects\\Frontier\\src\\components\\BarChart\\index.ts": {"path":"C:\\Users\\Мария\\Documents\\Web Projects\\Frontier\\src\\components\\BarChart\\index.ts","statementMap":{},"fnMap":{},"branchMap":{},"s":{},"f":{},"b":{},"_coverageSchema":"1a1c01bbd47fc00a2c39e90264f33305004495a9","hash":"4464b704ef937100c8bbff505069088c53ea4f5e"}
,"C:\\Users\\Мария\\Documents\\Web Projects\\Frontier\\src\\components\\BarChart\\Bar\\Bar.tsx": {"path":"C:\\Users\\Мария\\Documents\\Web Projects\\Frontier\\src\\components\\BarChart\\Bar\\Bar.tsx","statementMap":{"0":{"start":{"line":11,"column":21},"end":{"line":14,"column":2}},"1":{"start":{"line":15,"column":23},"end":{"line":24,"column":3}},"2":{"start":{"line":15,"column":93},"end":{"line":24,"column":1}},"3":{"start":{"line":25,"column":17},"end":{"line":33,"column":1}},"4":{"start":{"line":34,"column":17},"end":{"line":41,"column":1}},"5":{"start":{"line":42,"column":45},"end":{"line":50,"column":1}},"6":{"start":{"line":43,"column":21},"end":{"line":43,"column":45}},"7":{"start":{"line":44,"column":4},"end":{"line":49,"column":6}}},"fnMap":{"0":{"name":"(anonymous_0)","decl":{"start":{"line":15,"column":34},"end":{"line":15,"column":35}},"loc":{"start":{"line":15,"column":93},"end":{"line":24,"column":1}},"line":15},"1":{"name":"(anonymous_1)","decl":{"start":{"line":42,"column":45},"end":{"line":42,"column":46}},"loc":{"start":{"line":42,"column":84},"end":{"line":50,"column":1}},"line":42}},"branchMap":{"0":{"loc":{"start":{"line":19,"column":21},"end":{"line":19,"column":72}},"type":"cond-expr","locations":[{"start":{"line":19,"column":49},"end":{"line":19,"column":58}},{"start":{"line":19,"column":61},"end":{"line":19,"column":72}}],"line":19}},"s":{"0":8,"1":8,"2":5,"3":8,"4":8,"5":8,"6":5,"7":5},"f":{"0":5,"1":5},"b":{"0":[1,4]},"_coverageSchema":"1a1c01bbd47fc00a2c39e90264f33305004495a9","hash":"c119640e77f7d498f01b3c1c42acaf43da5b9cf6"}
,"C:\\Users\\Мария\\Documents\\Web Projects\\Frontier\\src\\components\\BarChart\\Bar\\index.ts": {"path":"C:\\Users\\Мария\\Documents\\Web Projects\\Frontier\\src\\components\\BarChart\\Bar\\index.ts","statementMap":{},"fnMap":{},"branchMap":{},"s":{},"f":{},"b":{},"_coverageSchema":"1a1c01bbd47fc00a2c39e90264f33305004495a9","hash":"fd10782fe86f43fff27be67951bdd8431d2ce2d0"}
,"C:\\Users\\Мария\\Documents\\Web Projects\\Frontier\\src\\components\\WrapperApp\\WrapperApp.tsx": {"path":"C:\\Users\\Мария\\Documents\\Web Projects\\Frontier\\src\\components\\WrapperApp\\WrapperApp.tsx","statementMap":{"0":{"start":{"line":27,"column":13},"end":{"line":36,"column":1}},"1":{"start":{"line":38,"column":49},"end":{"line":128,"column":1}},"2":{"start":{"line":39,"column":20},"end":{"line":39,"column":31}},"3":{"start":{"line":40,"column":28},"end":{"line":40,"column":49}},"4":{"start":{"line":41,"column":29},"end":{"line":43,"column":5}},"5":{"start":{"line":42,"column":8},"end":{"line":42,"column":22}},"6":{"start":{"line":44,"column":30},"end":{"line":46,"column":5}},"7":{"start":{"line":45,"column":8},"end":{"line":45,"column":23}},"8":{"start":{"line":48,"column":4},"end":{"line":127,"column":6}}},"fnMap":{"0":{"name":"(anonymous_0)","decl":{"start":{"line":38,"column":49},"end":{"line":38,"column":50}},"loc":{"start":{"line":38,"column":60},"end":{"line":128,"column":1}},"line":38},"1":{"name":"(anonymous_1)","decl":{"start":{"line":41,"column":29},"end":{"line":41,"column":30}},"loc":{"start":{"line":41,"column":35},"end":{"line":43,"column":5}},"line":41},"2":{"name":"(anonymous_2)","decl":{"start":{"line":44,"column":30},"end":{"line":44,"column":31}},"loc":{"start":{"line":44,"column":36},"end":{"line":46,"column":5}},"line":44}},"branchMap":{"0":{"loc":{"start":{"line":90,"column":25},"end":{"line":90,"column":95}},"type":"cond-expr","locations":[{"start":{"line":90,"column":53},"end":{"line":90,"column":73}},{"start":{"line":90,"column":76},"end":{"line":90,"column":95}}],"line":90}},"s":{"0":7,"1":7,"2":1,"3":1,"4":1,"5":0,"6":1,"7":0,"8":1},"f":{"0":1,"1":0,"2":0},"b":{"0":[0,1]},"_coverageSchema":"1a1c01bbd47fc00a2c39e90264f33305004495a9","hash":"baffa3cd98da7c9f3fe73912b660b19e02fa0310"}
,"C:\\Users\\Мария\\Documents\\Web Projects\\Frontier\\src\\components\\WrapperApp\\index.ts": {"path":"C:\\Users\\Мария\\Documents\\Web Projects\\Frontier\\src\\components\\WrapperApp\\index.ts","statementMap":{},"fnMap":{},"branchMap":{},"s":{},"f":{},"b":{},"_coverageSchema":"1a1c01bbd47fc00a2c39e90264f33305004495a9","hash":"f381580a0a22d061c17b9741b3c92b850c15f2be"}
,"C:\\Users\\Мария\\Documents\\Web Projects\\Frontier\\src\\screens\\NotFoundScreen.tsx": {"path":"C:\\Users\\Мария\\Documents\\Web Projects\\Frontier\\src\\screens\\NotFoundScreen.tsx","statementMap":{"0":{"start":{"line":3,"column":53},"end":{"line":5,"column":1}},"1":{"start":{"line":4,"column":4},"end":{"line":4,"column":24}}},"fnMap":{"0":{"name":"(anonymous_0)","decl":{"start":{"line":3,"column":53},"end":{"line":3,"column":54}},"loc":{"start":{"line":3,"column":59},"end":{"line":5,"column":1}},"line":3}},"branchMap":{},"s":{"0":7,"1":1},"f":{"0":1},"b":{},"_coverageSchema":"1a1c01bbd47fc00a2c39e90264f33305004495a9","hash":"2009547175b35a496b6beff8c2c082ebfd1942e9"}
,"C:\\Users\\Мария\\Documents\\Web Projects\\Frontier\\src\\screens\\index.ts": {"path":"C:\\Users\\Мария\\Documents\\Web Projects\\Frontier\\src\\screens\\index.ts","statementMap":{},"fnMap":{},"branchMap":{},"s":{},"f":{},"b":{},"_coverageSchema":"1a1c01bbd47fc00a2c39e90264f33305004495a9","hash":"ba518a0d6e0475e510dd4b44620b33fe96ebcee1"}
,"C:\\Users\\Мария\\Documents\\Web Projects\\Frontier\\src\\screens\\StatisticsScreen\\StatisticsScreen.tsx": {"path":"C:\\Users\\Мария\\Documents\\Web Projects\\Frontier\\src\\screens\\StatisticsScreen\\StatisticsScreen.tsx","statementMap":{"0":{"start":{"line":21,"column":17},"end":{"line":27,"column":1}},"1":{"start":{"line":28,"column":12},"end":{"line":28,"column":20}},"2":{"start":{"line":29,"column":14},"end":{"line":29,"column":24}},"3":{"start":{"line":40,"column":54},"end":{"line":131,"column":1}},"4":{"start":{"line":50,"column":23},"end":{"line":54,"column":5}},"5":{"start":{"line":56,"column":4},"end":{"line":71,"column":5}},"6":{"start":{"line":58,"column":12},"end":{"line":58,"column":75}},"7":{"start":{"line":59,"column":12},"end":{"line":59,"column":18}},"8":{"start":{"line":61,"column":12},"end":{"line":61,"column":81}},"9":{"start":{"line":62,"column":12},"end":{"line":62,"column":18}},"10":{"start":{"line":64,"column":12},"end":{"line":64,"column":76}},"11":{"start":{"line":65,"column":12},"end":{"line":65,"column":18}},"12":{"start":{"line":67,"column":12},"end":{"line":67,"column":77}},"13":{"start":{"line":68,"column":12},"end":{"line":68,"column":18}},"14":{"start":{"line":70,"column":12},"end":{"line":70,"column":75}},"15":{"start":{"line":72,"column":25},"end":{"line":74,"column":5}},"16":{"start":{"line":73,"column":8},"end":{"line":73,"column":64}},"17":{"start":{"line":75,"column":28},"end":{"line":77,"column":5}},"18":{"start":{"line":76,"column":8},"end":{"line":76,"column":44}},"19":{"start":{"line":78,"column":26},"end":{"line":80,"column":5}},"20":{"start":{"line":79,"column":8},"end":{"line":79,"column":42}},"21":{"start":{"line":81,"column":4},"end":{"line":91,"column":7}},"22":{"start":{"line":82,"column":8},"end":{"line":84,"column":9}},"23":{"start":{"line":83,"column":12},"end":{"line":83,"column":67}},"24":{"start":{"line":85,"column":8},"end":{"line":87,"column":9}},"25":{"start":{"line":86,"column":12},"end":{"line":86,"column":63}},"26":{"start":{"line":88,"column":8},"end":{"line":90,"column":9}},"27":{"start":{"line":89,"column":12},"end":{"line":89,"column":47}},"28":{"start":{"line":92,"column":4},"end":{"line":130,"column":6}},"29":{"start":{"line":132,"column":24},"end":{"line":140,"column":1}},"30":{"start":{"line":133,"column":4},"end":{"line":139,"column":6}},"31":{"start":{"line":141,"column":27},"end":{"line":145,"column":1}},"32":{"start":{"line":147,"column":32},"end":{"line":147,"column":97}}},"fnMap":{"0":{"name":"(anonymous_0)","decl":{"start":{"line":40,"column":54},"end":{"line":40,"column":55}},"loc":{"start":{"line":49,"column":6},"end":{"line":131,"column":1}},"line":49},"1":{"name":"(anonymous_1)","decl":{"start":{"line":72,"column":25},"end":{"line":72,"column":26}},"loc":{"start":{"line":72,"column":75},"end":{"line":74,"column":5}},"line":72},"2":{"name":"(anonymous_2)","decl":{"start":{"line":75,"column":28},"end":{"line":75,"column":29}},"loc":{"start":{"line":75,"column":77},"end":{"line":77,"column":5}},"line":75},"3":{"name":"(anonymous_3)","decl":{"start":{"line":78,"column":26},"end":{"line":78,"column":27}},"loc":{"start":{"line":78,"column":75},"end":{"line":80,"column":5}},"line":78},"4":{"name":"(anonymous_4)","decl":{"start":{"line":81,"column":14},"end":{"line":81,"column":15}},"loc":{"start":{"line":81,"column":20},"end":{"line":91,"column":5}},"line":81},"5":{"name":"(anonymous_5)","decl":{"start":{"line":132,"column":24},"end":{"line":132,"column":25}},"loc":{"start":{"line":132,"column":42},"end":{"line":140,"column":1}},"line":132}},"branchMap":{"0":{"loc":{"start":{"line":56,"column":4},"end":{"line":71,"column":5}},"type":"switch","locations":[{"start":{"line":57,"column":8},"end":{"line":59,"column":18}},{"start":{"line":60,"column":8},"end":{"line":62,"column":18}},{"start":{"line":63,"column":8},"end":{"line":65,"column":18}},{"start":{"line":66,"column":8},"end":{"line":68,"column":18}},{"start":{"line":69,"column":8},"end":{"line":70,"column":75}}],"line":56},"1":{"loc":{"start":{"line":82,"column":8},"end":{"line":84,"column":9}},"type":"if","locations":[{"start":{"line":82,"column":8},"end":{"line":84,"column":9}},{"start":{"line":82,"column":8},"end":{"line":84,"column":9}}],"line":82},"2":{"loc":{"start":{"line":85,"column":8},"end":{"line":87,"column":9}},"type":"if","locations":[{"start":{"line":85,"column":8},"end":{"line":87,"column":9}},{"start":{"line":85,"column":8},"end":{"line":87,"column":9}}],"line":85},"3":{"loc":{"start":{"line":88,"column":8},"end":{"line":90,"column":9}},"type":"if","locations":[{"start":{"line":88,"column":8},"end":{"line":90,"column":9}},{"start":{"line":88,"column":8},"end":{"line":90,"column":9}}],"line":88},"4":{"loc":{"start":{"line":99,"column":27},"end":{"line":99,"column":57}},"type":"binary-expr","locations":[{"start":{"line":99,"column":27},"end":{"line":99,"column":46}},{"start":{"line":99,"column":50},"end":{"line":99,"column":57}}],"line":99},"5":{"loc":{"start":{"line":115,"column":34},"end":{"line":115,"column":84}},"type":"binary-expr","locations":[{"start":{"line":115,"column":34},"end":{"line":115,"column":43}},{"start":{"line":115,"column":47},"end":{"line":115,"column":84}}],"line":115},"6":{"loc":{"start":{"line":124,"column":34},"end":{"line":124,"column":80}},"type":"binary-expr","locations":[{"start":{"line":124,"column":34},"end":{"line":124,"column":41}},{"start":{"line":124,"column":45},"end":{"line":124,"column":80}}],"line":124}},"s":{"0":6,"1":6,"2":6,"3":6,"4":13,"5":13,"6":6,"7":6,"8":1,"9":1,"10":1,"11":1,"12":1,"13":1,"14":4,"15":13,"16":4,"17":13,"18":1,"19":13,"20":1,"21":13,"22":13,"23":4,"24":13,"25":4,"26":13,"27":4,"28":13,"29":6,"30":21,"31":6,"32":6},"f":{"0":13,"1":4,"2":1,"3":1,"4":13,"5":21},"b":{"0":[6,1,1,1,4],"1":[4,9],"2":[4,9],"3":[4,9],"4":[13,4],"5":[13,4],"6":[13,4]},"_coverageSchema":"1a1c01bbd47fc00a2c39e90264f33305004495a9","hash":"eb417c74459ba6c6cb7c3f22296e83c8465da7c4"}
,"C:\\Users\\Мария\\Documents\\Web Projects\\Frontier\\src\\screens\\StatisticsScreen\\index.ts": {"path":"C:\\Users\\Мария\\Documents\\Web Projects\\Frontier\\src\\screens\\StatisticsScreen\\index.ts","statementMap":{},"fnMap":{},"branchMap":{},"s":{},"f":{},"b":{},"_coverageSchema":"1a1c01bbd47fc00a2c39e90264f33305004495a9","hash":"b8b0fbd44b75fc76ad0f157d21405a0ddcdcc9e9"}
,"C:\\Users\\Мария\\Documents\\Web Projects\\Frontier\\src\\screens\\StatisticsScreen\\reducer.ts": {"path":"C:\\Users\\Мария\\Documents\\Web Projects\\Frontier\\src\\screens\\StatisticsScreen\\reducer.ts","statementMap":{"0":{"start":{"line":9,"column":45},"end":{"line":13,"column":1}},"1":{"start":{"line":15,"column":31},"end":{"line":29,"column":2}},"2":{"start":{"line":20,"column":12},"end":{"line":20,"column":38}},"3":{"start":{"line":23,"column":12},"end":{"line":23,"column":36}},"4":{"start":{"line":26,"column":12},"end":{"line":26,"column":48}},"5":{"start":{"line":31,"column":36},"end":{"line":31,"column":51}}},"fnMap":{"0":{"name":"(anonymous_0)","decl":{"start":{"line":19,"column":25},"end":{"line":19,"column":26}},"loc":{"start":{"line":19,"column":72},"end":{"line":21,"column":9}},"line":19},"1":{"name":"(anonymous_1)","decl":{"start":{"line":22,"column":23},"end":{"line":22,"column":24}},"loc":{"start":{"line":22,"column":70},"end":{"line":24,"column":9}},"line":22},"2":{"name":"(anonymous_2)","decl":{"start":{"line":25,"column":35},"end":{"line":25,"column":36}},"loc":{"start":{"line":25,"column":82},"end":{"line":27,"column":9}},"line":25}},"branchMap":{},"s":{"0":7,"1":7,"2":6,"3":6,"4":9,"5":7},"f":{"0":6,"1":6,"2":9},"b":{},"_coverageSchema":"1a1c01bbd47fc00a2c39e90264f33305004495a9","hash":"bf55f713a39f180d2bfb75fe3ebd2559d0911651"}
,"C:\\Users\\Мария\\Documents\\Web Projects\\Frontier\\src\\screens\\TariffsScreen\\TariffsScreen.tsx": {"path":"C:\\Users\\Мария\\Documents\\Web Projects\\Frontier\\src\\screens\\TariffsScreen\\TariffsScreen.tsx","statementMap":{"0":{"start":{"line":16,"column":26},"end":{"line":21,"column":1}},"1":{"start":{"line":17,"column":4},"end":{"line":20,"column":6}},"2":{"start":{"line":18,"column":8},"end":{"line":18,"column":24}},"3":{"start":{"line":19,"column":8},"end":{"line":19,"column":33}},"4":{"start":{"line":22,"column":58},"end":{"line":64,"column":1}},"5":{"start":{"line":28,"column":4},"end":{"line":63,"column":6}},"6":{"start":{"line":66,"column":24},"end":{"line":66,"column":61}},"7":{"start":{"line":66,"column":49},"end":{"line":66,"column":60}},"8":{"start":{"line":68,"column":27},"end":{"line":72,"column":1}},"9":{"start":{"line":74,"column":29},"end":{"line":74,"column":91}}},"fnMap":{"0":{"name":"(anonymous_0)","decl":{"start":{"line":16,"column":26},"end":{"line":16,"column":27}},"loc":{"start":{"line":16,"column":64},"end":{"line":21,"column":1}},"line":16},"1":{"name":"(anonymous_1)","decl":{"start":{"line":17,"column":11},"end":{"line":17,"column":12}},"loc":{"start":{"line":17,"column":32},"end":{"line":20,"column":5}},"line":17},"2":{"name":"(anonymous_2)","decl":{"start":{"line":22,"column":58},"end":{"line":22,"column":59}},"loc":{"start":{"line":27,"column":6},"end":{"line":64,"column":1}},"line":27},"3":{"name":"(anonymous_3)","decl":{"start":{"line":66,"column":24},"end":{"line":66,"column":25}},"loc":{"start":{"line":66,"column":49},"end":{"line":66,"column":60}},"line":66}},"branchMap":{},"s":{"0":6,"1":6,"2":1,"3":1,"4":6,"5":2,"6":6,"7":2,"8":6,"9":6},"f":{"0":6,"1":1,"2":2,"3":2},"b":{},"_coverageSchema":"1a1c01bbd47fc00a2c39e90264f33305004495a9","hash":"4d566ed0fd76256ff111ebe8e7a61097b106ae27"}
,"C:\\Users\\Мария\\Documents\\Web Projects\\Frontier\\src\\screens\\TariffsScreen\\index.ts": {"path":"C:\\Users\\Мария\\Documents\\Web Projects\\Frontier\\src\\screens\\TariffsScreen\\index.ts","statementMap":{},"fnMap":{},"branchMap":{},"s":{},"f":{},"b":{},"_coverageSchema":"1a1c01bbd47fc00a2c39e90264f33305004495a9","hash":"6486b836b1f7dac48d90f3ba1cd2006677211ccc"}
,"C:\\Users\\Мария\\Documents\\Web Projects\\Frontier\\src\\screens\\TariffsScreen\\reducer.ts": {"path":"C:\\Users\\Мария\\Documents\\Web Projects\\Frontier\\src\\screens\\TariffsScreen\\reducer.ts","statementMap":{"0":{"start":{"line":11,"column":38},"end":{"line":40,"column":1}},"1":{"start":{"line":42,"column":28},"end":{"line":63,"column":2}},"2":{"start":{"line":48,"column":16},"end":{"line":48,"column":39}},"3":{"start":{"line":49,"column":16},"end":{"line":49,"column":43}},"4":{"start":{"line":52,"column":16},"end":{"line":52,"column":36}},"5":{"start":{"line":56,"column":32},"end":{"line":56,"column":85}},"6":{"start":{"line":56,"column":60},"end":{"line":56,"column":84}},"7":{"start":{"line":57,"column":12},"end":{"line":57,"column":41}},"8":{"start":{"line":60,"column":12},"end":{"line":60,"column":70}},"9":{"start":{"line":60,"column":44},"end":{"line":60,"column":68}},"10":{"start":{"line":65,"column":36},"end":{"line":65,"column":48}}},"fnMap":{"0":{"name":"(anonymous_0)","decl":{"start":{"line":47,"column":21},"end":{"line":47,"column":22}},"loc":{"start":{"line":47,"column":41},"end":{"line":50,"column":13}},"line":47},"1":{"name":"(anonymous_1)","decl":{"start":{"line":51,"column":21},"end":{"line":51,"column":22}},"loc":{"start":{"line":51,"column":68},"end":{"line":53,"column":13}},"line":51},"2":{"name":"(anonymous_2)","decl":{"start":{"line":55,"column":14},"end":{"line":55,"column":15}},"loc":{"start":{"line":55,"column":61},"end":{"line":58,"column":9}},"line":55},"3":{"name":"(anonymous_3)","decl":{"start":{"line":56,"column":48},"end":{"line":56,"column":49}},"loc":{"start":{"line":56,"column":60},"end":{"line":56,"column":84}},"line":56},"4":{"name":"(anonymous_4)","decl":{"start":{"line":59,"column":16},"end":{"line":59,"column":17}},"loc":{"start":{"line":59,"column":63},"end":{"line":61,"column":9}},"line":59},"5":{"name":"(anonymous_5)","decl":{"start":{"line":60,"column":32},"end":{"line":60,"column":33}},"loc":{"start":{"line":60,"column":44},"end":{"line":60,"column":68}},"line":60}},"branchMap":{},"s":{"0":7,"1":7,"2":1,"3":1,"4":1,"5":1,"6":1,"7":1,"8":2,"9":5,"10":7},"f":{"0":1,"1":1,"2":1,"3":1,"4":2,"5":5},"b":{},"_coverageSchema":"1a1c01bbd47fc00a2c39e90264f33305004495a9","hash":"941987351df9318d9db6a7445560249c623f9930"}
,"C:\\Users\\Мария\\Documents\\Web Projects\\Frontier\\src\\screens\\VisitorsScreen\\VisitorsScreen.tsx": {"path":"C:\\Users\\Мария\\Documents\\Web Projects\\Frontier\\src\\screens\\VisitorsScreen\\VisitorsScreen.tsx","statementMap":{"0":{"start":{"line":43,"column":17},"end":{"line":47,"column":1}},"1":{"start":{"line":48,"column":20},"end":{"line":52,"column":1}},"2":{"start":{"line":54,"column":24},"end":{"line":59,"column":1}},"3":{"start":{"line":55,"column":29},"end":{"line":57,"column":6}},"4":{"start":{"line":56,"column":8},"end":{"line":56,"column":50}},"5":{"start":{"line":58,"column":4},"end":{"line":58,"column":40}},"6":{"start":{"line":60,"column":26},"end":{"line":65,"column":1}},"7":{"start":{"line":61,"column":4},"end":{"line":64,"column":6}},"8":{"start":{"line":62,"column":8},"end":{"line":62,"column":24}},"9":{"start":{"line":63,"column":8},"end":{"line":63,"column":33}},"10":{"start":{"line":66,"column":52},"end":{"line":268,"column":1}},"11":{"start":{"line":85,"column":30},"end":{"line":92,"column":5}},"12":{"start":{"line":86,"column":40},"end":{"line":86,"column":98}},"13":{"start":{"line":86,"column":67},"end":{"line":86,"column":96}},"14":{"start":{"line":87,"column":8},"end":{"line":91,"column":9}},"15":{"start":{"line":88,"column":12},"end":{"line":88,"column":94}},"16":{"start":{"line":90,"column":12},"end":{"line":90,"column":95}},"17":{"start":{"line":93,"column":40},"end":{"line":93,"column":42}},"18":{"start":{"line":94,"column":4},"end":{"line":97,"column":22}},"19":{"start":{"line":95,"column":8},"end":{"line":95,"column":41}},"20":{"start":{"line":96,"column":8},"end":{"line":96,"column":22}},"21":{"start":{"line":99,"column":4},"end":{"line":106,"column":7}},"22":{"start":{"line":100,"column":25},"end":{"line":102,"column":17}},"23":{"start":{"line":101,"column":12},"end":{"line":101,"column":36}},"24":{"start":{"line":103,"column":8},"end":{"line":105,"column":10}},"25":{"start":{"line":104,"column":12},"end":{"line":104,"column":36}},"26":{"start":{"line":107,"column":4},"end":{"line":267,"column":6}},"27":{"start":{"line":116,"column":28},"end":{"line":123,"column":29}},"28":{"start":{"line":117,"column":55},"end":{"line":117,"column":64}},"29":{"start":{"line":118,"column":56},"end":{"line":118,"column":63}},"30":{"start":{"line":120,"column":32},"end":{"line":120,"column":61}},"31":{"start":{"line":122,"column":32},"end":{"line":122,"column":42}},"32":{"start":{"line":131,"column":28},"end":{"line":135,"column":29}},"33":{"start":{"line":132,"column":32},"end":{"line":132,"column":55}},"34":{"start":{"line":134,"column":32},"end":{"line":134,"column":42}},"35":{"start":{"line":145,"column":28},"end":{"line":149,"column":29}},"36":{"start":{"line":146,"column":32},"end":{"line":146,"column":46}},"37":{"start":{"line":148,"column":32},"end":{"line":148,"column":79}},"38":{"start":{"line":157,"column":28},"end":{"line":157,"column":80}},"39":{"start":{"line":168,"column":28},"end":{"line":174,"column":29}},"40":{"start":{"line":169,"column":32},"end":{"line":169,"column":53}},"41":{"start":{"line":170,"column":35},"end":{"line":174,"column":29}},"42":{"start":{"line":171,"column":32},"end":{"line":171,"column":57}},"43":{"start":{"line":173,"column":32},"end":{"line":173,"column":42}},"44":{"start":{"line":175,"column":28},"end":{"line":184,"column":30}},"45":{"start":{"line":179,"column":55},"end":{"line":179,"column":81}},"46":{"start":{"line":199,"column":28},"end":{"line":199,"column":71}},"47":{"start":{"line":200,"column":28},"end":{"line":200,"column":57}},"48":{"start":{"line":207,"column":28},"end":{"line":207,"column":71}},"49":{"start":{"line":208,"column":42},"end":{"line":208,"column":76}},"50":{"start":{"line":209,"column":28},"end":{"line":209,"column":50}},"51":{"start":{"line":210,"column":28},"end":{"line":210,"column":51}},"52":{"start":{"line":211,"column":28},"end":{"line":211,"column":57}},"53":{"start":{"line":220,"column":44},"end":{"line":223,"column":21}},"54":{"start":{"line":227,"column":24},"end":{"line":242,"column":27}},"55":{"start":{"line":234,"column":40},"end":{"line":236,"column":79}},"56":{"start":{"line":250,"column":20},"end":{"line":250,"column":92}},"57":{"start":{"line":251,"column":20},"end":{"line":251,"column":50}},"58":{"start":{"line":256,"column":29},"end":{"line":256,"column":58}},"59":{"start":{"line":261,"column":20},"end":{"line":261,"column":54}},"60":{"start":{"line":270,"column":24},"end":{"line":279,"column":1}},"61":{"start":{"line":271,"column":4},"end":{"line":278,"column":6}},"62":{"start":{"line":281,"column":27},"end":{"line":294,"column":1}},"63":{"start":{"line":296,"column":30},"end":{"line":296,"column":93}}},"fnMap":{"0":{"name":"(anonymous_0)","decl":{"start":{"line":54,"column":24},"end":{"line":54,"column":25}},"loc":{"start":{"line":54,"column":49},"end":{"line":59,"column":1}},"line":54},"1":{"name":"(anonymous_1)","decl":{"start":{"line":55,"column":45},"end":{"line":55,"column":46}},"loc":{"start":{"line":55,"column":58},"end":{"line":57,"column":5}},"line":55},"2":{"name":"(anonymous_2)","decl":{"start":{"line":60,"column":26},"end":{"line":60,"column":27}},"loc":{"start":{"line":60,"column":66},"end":{"line":65,"column":1}},"line":60},"3":{"name":"(anonymous_3)","decl":{"start":{"line":61,"column":11},"end":{"line":61,"column":12}},"loc":{"start":{"line":61,"column":33},"end":{"line":64,"column":5}},"line":61},"4":{"name":"(anonymous_4)","decl":{"start":{"line":66,"column":52},"end":{"line":66,"column":53}},"loc":{"start":{"line":84,"column":6},"end":{"line":268,"column":1}},"line":84},"5":{"name":"(anonymous_5)","decl":{"start":{"line":85,"column":30},"end":{"line":85,"column":31}},"loc":{"start":{"line":85,"column":56},"end":{"line":92,"column":5}},"line":85},"6":{"name":"(anonymous_6)","decl":{"start":{"line":86,"column":54},"end":{"line":86,"column":55}},"loc":{"start":{"line":86,"column":67},"end":{"line":86,"column":96}},"line":86},"7":{"name":"(anonymous_7)","decl":{"start":{"line":94,"column":35},"end":{"line":94,"column":36}},"loc":{"start":{"line":94,"column":61},"end":{"line":97,"column":5}},"line":94},"8":{"name":"(anonymous_8)","decl":{"start":{"line":99,"column":14},"end":{"line":99,"column":15}},"loc":{"start":{"line":99,"column":20},"end":{"line":106,"column":5}},"line":99},"9":{"name":"(anonymous_9)","decl":{"start":{"line":100,"column":37},"end":{"line":100,"column":38}},"loc":{"start":{"line":100,"column":43},"end":{"line":102,"column":9}},"line":100},"10":{"name":"(anonymous_10)","decl":{"start":{"line":103,"column":15},"end":{"line":103,"column":16}},"loc":{"start":{"line":103,"column":21},"end":{"line":105,"column":9}},"line":103},"11":{"name":"(anonymous_11)","decl":{"start":{"line":115,"column":34},"end":{"line":115,"column":35}},"loc":{"start":{"line":115,"column":47},"end":{"line":124,"column":25}},"line":115},"12":{"name":"(anonymous_12)","decl":{"start":{"line":117,"column":45},"end":{"line":117,"column":46}},"loc":{"start":{"line":117,"column":55},"end":{"line":117,"column":64}},"line":117},"13":{"name":"(anonymous_13)","decl":{"start":{"line":118,"column":46},"end":{"line":118,"column":47}},"loc":{"start":{"line":118,"column":56},"end":{"line":118,"column":63}},"line":118},"14":{"name":"(anonymous_14)","decl":{"start":{"line":130,"column":34},"end":{"line":130,"column":35}},"loc":{"start":{"line":130,"column":47},"end":{"line":136,"column":25}},"line":130},"15":{"name":"(anonymous_15)","decl":{"start":{"line":144,"column":32},"end":{"line":144,"column":33}},"loc":{"start":{"line":144,"column":45},"end":{"line":150,"column":25}},"line":144},"16":{"name":"(anonymous_16)","decl":{"start":{"line":156,"column":32},"end":{"line":156,"column":33}},"loc":{"start":{"line":156,"column":45},"end":{"line":158,"column":25}},"line":156},"17":{"name":"(anonymous_17)","decl":{"start":{"line":166,"column":32},"end":{"line":166,"column":33}},"loc":{"start":{"line":166,"column":45},"end":{"line":185,"column":25}},"line":166},"18":{"name":"(anonymous_18)","decl":{"start":{"line":179,"column":49},"end":{"line":179,"column":50}},"loc":{"start":{"line":179,"column":55},"end":{"line":179,"column":81}},"line":179},"19":{"name":"(anonymous_19)","decl":{"start":{"line":198,"column":33},"end":{"line":198,"column":34}},"loc":{"start":{"line":198,"column":48},"end":{"line":201,"column":25}},"line":198},"20":{"name":"(anonymous_20)","decl":{"start":{"line":206,"column":33},"end":{"line":206,"column":34}},"loc":{"start":{"line":206,"column":48},"end":{"line":212,"column":25}},"line":206},"21":{"name":"(anonymous_21)","decl":{"start":{"line":220,"column":30},"end":{"line":220,"column":31}},"loc":{"start":{"line":220,"column":44},"end":{"line":223,"column":21}},"line":220},"22":{"name":"(anonymous_22)","decl":{"start":{"line":226,"column":29},"end":{"line":226,"column":30}},"loc":{"start":{"line":227,"column":24},"end":{"line":242,"column":27}},"line":227},"23":{"name":"(anonymous_23)","decl":{"start":{"line":233,"column":45},"end":{"line":233,"column":46}},"loc":{"start":{"line":233,"column":51},"end":{"line":237,"column":37}},"line":233},"24":{"name":"(anonymous_24)","decl":{"start":{"line":249,"column":30},"end":{"line":249,"column":31}},"loc":{"start":{"line":249,"column":36},"end":{"line":252,"column":17}},"line":249},"25":{"name":"(anonymous_25)","decl":{"start":{"line":256,"column":23},"end":{"line":256,"column":24}},"loc":{"start":{"line":256,"column":29},"end":{"line":256,"column":58}},"line":256},"26":{"name":"(anonymous_26)","decl":{"start":{"line":260,"column":30},"end":{"line":260,"column":31}},"loc":{"start":{"line":260,"column":36},"end":{"line":262,"column":17}},"line":260},"27":{"name":"(anonymous_27)","decl":{"start":{"line":270,"column":24},"end":{"line":270,"column":25}},"loc":{"start":{"line":270,"column":42},"end":{"line":279,"column":1}},"line":270}},"branchMap":{"0":{"loc":{"start":{"line":87,"column":8},"end":{"line":91,"column":9}},"type":"if","locations":[{"start":{"line":87,"column":8},"end":{"line":91,"column":9}},{"start":{"line":87,"column":8},"end":{"line":91,"column":9}}],"line":87},"1":{"loc":{"start":{"line":116,"column":28},"end":{"line":123,"column":29}},"type":"if","locations":[{"start":{"line":116,"column":28},"end":{"line":123,"column":29}},{"start":{"line":116,"column":28},"end":{"line":123,"column":29}}],"line":116},"2":{"loc":{"start":{"line":117,"column":32},"end":{"line":118,"column":85}},"type":"binary-expr","locations":[{"start":{"line":117,"column":32},"end":{"line":117,"column":88}},{"start":{"line":118,"column":32},"end":{"line":118,"column":85}}],"line":117},"3":{"loc":{"start":{"line":131,"column":28},"end":{"line":135,"column":29}},"type":"if","locations":[{"start":{"line":131,"column":28},"end":{"line":135,"column":29}},{"start":{"line":131,"column":28},"end":{"line":135,"column":29}}],"line":131},"4":{"loc":{"start":{"line":145,"column":28},"end":{"line":149,"column":29}},"type":"if","locations":[{"start":{"line":145,"column":28},"end":{"line":149,"column":29}},{"start":{"line":145,"column":28},"end":{"line":149,"column":29}}],"line":145},"5":{"loc":{"start":{"line":168,"column":28},"end":{"line":174,"column":29}},"type":"if","locations":[{"start":{"line":168,"column":28},"end":{"line":174,"column":29}},{"start":{"line":168,"column":28},"end":{"line":174,"column":29}}],"line":168},"6":{"loc":{"start":{"line":170,"column":35},"end":{"line":174,"column":29}},"type":"if","locations":[{"start":{"line":170,"column":35},"end":{"line":174,"column":29}},{"start":{"line":170,"column":35},"end":{"line":174,"column":29}}],"line":170},"7":{"loc":{"start":{"line":199,"column":35},"end":{"line":199,"column":70}},"type":"cond-expr","locations":[{"start":{"line":199,"column":57},"end":{"line":199,"column":61}},{"start":{"line":199,"column":64},"end":{"line":199,"column":70}}],"line":199},"8":{"loc":{"start":{"line":207,"column":35},"end":{"line":207,"column":70}},"type":"cond-expr","locations":[{"start":{"line":207,"column":57},"end":{"line":207,"column":61}},{"start":{"line":207,"column":64},"end":{"line":207,"column":70}}],"line":207},"9":{"loc":{"start":{"line":221,"column":41},"end":{"line":221,"column":96}},"type":"cond-expr","locations":[{"start":{"line":221,"column":78},"end":{"line":221,"column":87}},{"start":{"line":221,"column":90},"end":{"line":221,"column":96}}],"line":221},"10":{"loc":{"start":{"line":222,"column":31},"end":{"line":222,"column":87}},"type":"cond-expr","locations":[{"start":{"line":222,"column":68},"end":{"line":222,"column":77}},{"start":{"line":222,"column":80},"end":{"line":222,"column":87}}],"line":222},"11":{"loc":{"start":{"line":234,"column":40},"end":{"line":236,"column":78}},"type":"cond-expr","locations":[{"start":{"line":235,"column":46},"end":{"line":235,"column":66}},{"start":{"line":236,"column":46},"end":{"line":236,"column":78}}],"line":234}},"s":{"0":6,"1":6,"2":6,"3":0,"4":0,"5":0,"6":6,"7":6,"8":1,"9":1,"10":6,"11":2,"12":0,"13":0,"14":0,"15":0,"16":0,"17":2,"18":2,"19":8,"20":8,"21":2,"22":2,"23":0,"24":2,"25":1,"26":2,"27":3,"28":9,"29":9,"30":0,"31":3,"32":3,"33":0,"34":3,"35":16,"36":0,"37":16,"38":16,"39":16,"40":0,"41":16,"42":0,"43":16,"44":0,"45":0,"46":0,"47":0,"48":0,"49":0,"50":0,"51":0,"52":0,"53":16,"54":7,"55":0,"56":0,"57":0,"58":0,"59":0,"60":6,"61":2,"62":6,"63":6},"f":{"0":0,"1":0,"2":6,"3":1,"4":2,"5":0,"6":0,"7":8,"8":2,"9":0,"10":1,"11":3,"12":9,"13":9,"14":3,"15":16,"16":16,"17":16,"18":0,"19":0,"20":0,"21":16,"22":7,"23":0,"24":0,"25":0,"26":0,"27":2},"b":{"0":[0,0],"1":[0,3],"2":[3,3],"3":[0,3],"4":[0,16],"5":[0,16],"6":[0,16],"7":[0,0],"8":[0,0],"9":[16,0],"10":[16,0],"11":[0,0]},"_coverageSchema":"1a1c01bbd47fc00a2c39e90264f33305004495a9","hash":"ccf48ae8d3a889b4c850a2ef73e461c6f6cb0626"}
,"C:\\Users\\Мария\\Documents\\Web Projects\\Frontier\\src\\screens\\VisitorsScreen\\index.ts": {"path":"C:\\Users\\Мария\\Documents\\Web Projects\\Frontier\\src\\screens\\VisitorsScreen\\index.ts","statementMap":{},"fnMap":{},"branchMap":{},"s":{},"f":{},"b":{},"_coverageSchema":"1a1c01bbd47fc00a2c39e90264f33305004495a9","hash":"9e6219f53ab8630800b85b50da221606e6c8b475"}
,"C:\\Users\\Мария\\Documents\\Web Projects\\Frontier\\src\\screens\\VisitorsScreen\\reducer.ts": {"path":"C:\\Users\\Мария\\Documents\\Web Projects\\Frontier\\src\\screens\\VisitorsScreen\\reducer.ts","statementMap":{"0":{"start":{"line":38,"column":43},"end":{"line":79,"column":1}},"1":{"start":{"line":81,"column":29},"end":{"line":154,"column":2}},"2":{"start":{"line":87,"column":32},"end":{"line":87,"column":42}},"3":{"start":{"line":88,"column":16},"end":{"line":88,"column":37}},"4":{"start":{"line":89,"column":16},"end":{"line":89,"column":47}},"5":{"start":{"line":90,"column":16},"end":{"line":90,"column":80}},"6":{"start":{"line":91,"column":16},"end":{"line":91,"column":44}},"7":{"start":{"line":94,"column":16},"end":{"line":94,"column":45}},"8":{"start":{"line":98,"column":33},"end":{"line":98,"column":97}},"9":{"start":{"line":98,"column":71},"end":{"line":98,"column":96}},"10":{"start":{"line":99,"column":12},"end":{"line":99,"column":51}},"11":{"start":{"line":102,"column":12},"end":{"line":102,"column":91}},"12":{"start":{"line":102,"column":64},"end":{"line":102,"column":89}},"13":{"start":{"line":105,"column":33},"end":{"line":105,"column":97}},"14":{"start":{"line":105,"column":71},"end":{"line":105,"column":96}},"15":{"start":{"line":106,"column":12},"end":{"line":106,"column":65}},"16":{"start":{"line":107,"column":12},"end":{"line":110,"column":15}},"17":{"start":{"line":113,"column":12},"end":{"line":115,"column":13}},"18":{"start":{"line":113,"column":25},"end":{"line":113,"column":26}},"19":{"start":{"line":114,"column":16},"end":{"line":114,"column":98}},"20":{"start":{"line":114,"column":68},"end":{"line":114,"column":96}},"21":{"start":{"line":118,"column":12},"end":{"line":127,"column":13}},"22":{"start":{"line":118,"column":25},"end":{"line":118,"column":26}},"23":{"start":{"line":119,"column":37},"end":{"line":121,"column":17}},"24":{"start":{"line":120,"column":33},"end":{"line":120,"column":70}},"25":{"start":{"line":122,"column":16},"end":{"line":122,"column":70}},"26":{"start":{"line":123,"column":16},"end":{"line":126,"column":19}},"27":{"start":{"line":128,"column":12},"end":{"line":128,"column":28}},"28":{"start":{"line":129,"column":12},"end":{"line":129,"column":37}},"29":{"start":{"line":132,"column":12},"end":{"line":132,"column":47}},"30":{"start":{"line":135,"column":12},"end":{"line":135,"column":51}},"31":{"start":{"line":138,"column":12},"end":{"line":138,"column":34}},"32":{"start":{"line":141,"column":12},"end":{"line":141,"column":42}},"33":{"start":{"line":144,"column":12},"end":{"line":144,"column":34}},"34":{"start":{"line":147,"column":12},"end":{"line":147,"column":78}},"35":{"start":{"line":148,"column":12},"end":{"line":148,"column":32}},"36":{"start":{"line":151,"column":12},"end":{"line":151,"column":39}},"37":{"start":{"line":156,"column":36},"end":{"line":156,"column":49}}},"fnMap":{"0":{"name":"(anonymous_0)","decl":{"start":{"line":86,"column":21},"end":{"line":86,"column":22}},"loc":{"start":{"line":86,"column":43},"end":{"line":92,"column":13}},"line":86},"1":{"name":"(anonymous_1)","decl":{"start":{"line":93,"column":21},"end":{"line":93,"column":22}},"loc":{"start":{"line":93,"column":69},"end":{"line":95,"column":13}},"line":93},"2":{"name":"(anonymous_2)","decl":{"start":{"line":97,"column":14},"end":{"line":97,"column":15}},"loc":{"start":{"line":97,"column":62},"end":{"line":100,"column":9}},"line":97},"3":{"name":"(anonymous_3)","decl":{"start":{"line":98,"column":58},"end":{"line":98,"column":59}},"loc":{"start":{"line":98,"column":71},"end":{"line":98,"column":96}},"line":98},"4":{"name":"(anonymous_4)","decl":{"start":{"line":101,"column":16},"end":{"line":101,"column":17}},"loc":{"start":{"line":101,"column":64},"end":{"line":103,"column":9}},"line":101},"5":{"name":"(anonymous_5)","decl":{"start":{"line":102,"column":51},"end":{"line":102,"column":52}},"loc":{"start":{"line":102,"column":64},"end":{"line":102,"column":89}},"line":102},"6":{"name":"(anonymous_6)","decl":{"start":{"line":104,"column":15},"end":{"line":104,"column":16}},"loc":{"start":{"line":104,"column":65},"end":{"line":111,"column":9}},"line":104},"7":{"name":"(anonymous_7)","decl":{"start":{"line":105,"column":58},"end":{"line":105,"column":59}},"loc":{"start":{"line":105,"column":71},"end":{"line":105,"column":96}},"line":105},"8":{"name":"(anonymous_8)","decl":{"start":{"line":112,"column":24},"end":{"line":112,"column":25}},"loc":{"start":{"line":112,"column":74},"end":{"line":116,"column":9}},"line":112},"9":{"name":"(anonymous_9)","decl":{"start":{"line":114,"column":55},"end":{"line":114,"column":56}},"loc":{"start":{"line":114,"column":68},"end":{"line":114,"column":96}},"line":114},"10":{"name":"(anonymous_10)","decl":{"start":{"line":117,"column":21},"end":{"line":117,"column":22}},"loc":{"start":{"line":117,"column":83},"end":{"line":130,"column":9}},"line":117},"11":{"name":"(anonymous_11)","decl":{"start":{"line":120,"column":20},"end":{"line":120,"column":21}},"loc":{"start":{"line":120,"column":33},"end":{"line":120,"column":70}},"line":120},"12":{"name":"(anonymous_12)","decl":{"start":{"line":131,"column":24},"end":{"line":131,"column":25}},"loc":{"start":{"line":131,"column":72},"end":{"line":133,"column":9}},"line":131},"13":{"name":"(anonymous_13)","decl":{"start":{"line":134,"column":28},"end":{"line":134,"column":29}},"loc":{"start":{"line":134,"column":76},"end":{"line":136,"column":9}},"line":134},"14":{"name":"(anonymous_14)","decl":{"start":{"line":137,"column":24},"end":{"line":137,"column":25}},"loc":{"start":{"line":137,"column":71},"end":{"line":139,"column":9}},"line":137},"15":{"name":"(anonymous_15)","decl":{"start":{"line":140,"column":26},"end":{"line":140,"column":27}},"loc":{"start":{"line":140,"column":76},"end":{"line":142,"column":9}},"line":140},"16":{"name":"(anonymous_16)","decl":{"start":{"line":143,"column":21},"end":{"line":143,"column":22}},"loc":{"start":{"line":143,"column":68},"end":{"line":145,"column":9}},"line":143},"17":{"name":"(anonymous_17)","decl":{"start":{"line":146,"column":20},"end":{"line":146,"column":21}},"loc":{"start":{"line":146,"column":31},"end":{"line":149,"column":9}},"line":146},"18":{"name":"(anonymous_18)","decl":{"start":{"line":150,"column":22},"end":{"line":150,"column":23}},"loc":{"start":{"line":150,"column":33},"end":{"line":152,"column":9}},"line":150}},"branchMap":{},"s":{"0":7,"1":7,"2":1,"3":1,"4":1,"5":1,"6":1,"7":1,"8":1,"9":1,"10":1,"11":2,"12":4,"13":1,"14":1,"15":1,"16":1,"17":1,"18":1,"19":2,"20":5,"21":1,"22":1,"23":2,"24":4,"25":2,"26":2,"27":1,"28":1,"29":1,"30":1,"31":1,"32":1,"33":1,"34":1,"35":1,"36":1,"37":7},"f":{"0":1,"1":1,"2":1,"3":1,"4":2,"5":4,"6":1,"7":1,"8":1,"9":5,"10":1,"11":4,"12":1,"13":1,"14":1,"15":1,"16":1,"17":1,"18":1},"b":{},"_coverageSchema":"1a1c01bbd47fc00a2c39e90264f33305004495a9","hash":"1b6703fdd3b7dad2f930cd3c263684dc34b8a5fc"}
,"C:\\Users\\Мария\\Documents\\Web Projects\\Frontier\\src\\utils\\FormatDate.ts": {"path":"C:\\Users\\Мария\\Documents\\Web Projects\\Frontier\\src\\utils\\FormatDate.ts","statementMap":{"0":{"start":{"line":1,"column":33},"end":{"line":3,"column":1}},"1":{"start":{"line":2,"column":4},"end":{"line":2,"column":83}},"2":{"start":{"line":4,"column":33},"end":{"line":6,"column":1}},"3":{"start":{"line":5,"column":4},"end":{"line":5,"column":36}}},"fnMap":{"0":{"name":"(anonymous_0)","decl":{"start":{"line":1,"column":33},"end":{"line":1,"column":34}},"loc":{"start":{"line":1,"column":64},"end":{"line":3,"column":1}},"line":1},"1":{"name":"(anonymous_1)","decl":{"start":{"line":4,"column":33},"end":{"line":4,"column":34}},"loc":{"start":{"line":4,"column":59},"end":{"line":6,"column":1}},"line":4}},"branchMap":{},"s":{"0":7,"1":32,"2":7,"3":27},"f":{"0":32,"1":27},"b":{},"_coverageSchema":"1a1c01bbd47fc00a2c39e90264f33305004495a9","hash":"f7cdfe124a790cc1ace39b7b9d0a3e1e1d14bdee"}
,"C:\\Users\\Мария\\Documents\\Web Projects\\Frontier\\src\\utils\\calculateCost.ts": {"path":"C:\\Users\\Мария\\Documents\\Web Projects\\Frontier\\src\\utils\\calculateCost.ts","statementMap":{"0":{"start":{"line":1,"column":29},"end":{"line":9,"column":1}},"1":{"start":{"line":7,"column":18},"end":{"line":7,"column":33}},"2":{"start":{"line":8,"column":4},"end":{"line":8,"column":59}}},"fnMap":{"0":{"name":"(anonymous_0)","decl":{"start":{"line":1,"column":29},"end":{"line":1,"column":30}},"loc":{"start":{"line":6,"column":13},"end":{"line":9,"column":1}},"line":6}},"branchMap":{"0":{"loc":{"start":{"line":8,"column":11},"end":{"line":8,"column":58}},"type":"cond-expr","locations":[{"start":{"line":8,"column":43},"end":{"line":8,"column":48}},{"start":{"line":8,"column":51},"end":{"line":8,"column":58}}],"line":8},"1":{"loc":{"start":{"line":8,"column":11},"end":{"line":8,"column":40}},"type":"binary-expr","locations":[{"start":{"line":8,"column":11},"end":{"line":8,"column":21}},{"start":{"line":8,"column":25},"end":{"line":8,"column":40}}],"line":8}},"s":{"0":7,"1":30,"2":30},"f":{"0":30},"b":{"0":[3,27],"1":[30,9]},"_coverageSchema":"1a1c01bbd47fc00a2c39e90264f33305004495a9","hash":"2a023856847623de79a744c03d4b8ea3a69903ad"}
,"C:\\Users\\Мария\\Documents\\Web Projects\\Frontier\\src\\utils\\calculateCostHelper.ts": {"path":"C:\\Users\\Мария\\Documents\\Web Projects\\Frontier\\src\\utils\\calculateCostHelper.ts","statementMap":{"0":{"start":{"line":5,"column":35},"end":{"line":22,"column":1}},"1":{"start":{"line":6,"column":4},"end":{"line":6,"column":47}},"2":{"start":{"line":7,"column":16},"end":{"line":7,"column":17}},"3":{"start":{"line":8,"column":4},"end":{"line":20,"column":5}},"4":{"start":{"line":8,"column":17},"end":{"line":8,"column":18}},"5":{"start":{"line":9,"column":25},"end":{"line":9,"column":42}},"6":{"start":{"line":10,"column":30},"end":{"line":10,"column":98}},"7":{"start":{"line":10,"column":56},"end":{"line":10,"column":78}},"8":{"start":{"line":11,"column":27},"end":{"line":11,"column":92}},"9":{"start":{"line":11,"column":53},"end":{"line":11,"column":75}},"10":{"start":{"line":12,"column":33},"end":{"line":13,"column":23}},"11":{"start":{"line":12,"column":59},"end":{"line":12,"column":81}},"12":{"start":{"line":14,"column":8},"end":{"line":19,"column":10}},"13":{"start":{"line":21,"column":4},"end":{"line":21,"column":17}}},"fnMap":{"0":{"name":"(anonymous_0)","decl":{"start":{"line":5,"column":35},"end":{"line":5,"column":36}},"loc":{"start":{"line":5,"column":90},"end":{"line":22,"column":1}},"line":5},"1":{"name":"(anonymous_1)","decl":{"start":{"line":10,"column":44},"end":{"line":10,"column":45}},"loc":{"start":{"line":10,"column":56},"end":{"line":10,"column":78}},"line":10},"2":{"name":"(anonymous_2)","decl":{"start":{"line":11,"column":41},"end":{"line":11,"column":42}},"loc":{"start":{"line":11,"column":53},"end":{"line":11,"column":75}},"line":11},"3":{"name":"(anonymous_3)","decl":{"start":{"line":12,"column":47},"end":{"line":12,"column":48}},"loc":{"start":{"line":12,"column":59},"end":{"line":12,"column":81}},"line":12}},"branchMap":{"0":{"loc":{"start":{"line":6,"column":11},"end":{"line":6,"column":46}},"type":"cond-expr","locations":[{"start":{"line":6,"column":33},"end":{"line":6,"column":37}},{"start":{"line":6,"column":40},"end":{"line":6,"column":46}}],"line":6}},"s":{"0":6,"1":24,"2":24,"3":24,"4":24,"5":25,"6":25,"7":53,"8":25,"9":53,"10":25,"11":53,"12":25,"13":24},"f":{"0":24,"1":53,"2":53,"3":53},"b":{"0":[1,23]},"_coverageSchema":"1a1c01bbd47fc00a2c39e90264f33305004495a9","hash":"2d8da61a8638c4bffc3731ab60ad5601602f2945"}
,"C:\\Users\\Мария\\Documents\\Web Projects\\Frontier\\src\\utils\\calculateDuration.ts": {"path":"C:\\Users\\Мария\\Documents\\Web Projects\\Frontier\\src\\utils\\calculateDuration.ts","statementMap":{"0":{"start":{"line":3,"column":33},"end":{"line":18,"column":1}},"1":{"start":{"line":4,"column":15},"end":{"line":4,"column":16}},"2":{"start":{"line":5,"column":20},"end":{"line":5,"column":21}},"3":{"start":{"line":6,"column":4},"end":{"line":13,"column":5}},"4":{"start":{"line":6,"column":17},"end":{"line":6,"column":18}},"5":{"start":{"line":7,"column":8},"end":{"line":12,"column":9}},"6":{"start":{"line":8,"column":12},"end":{"line":8,"column":43}},"7":{"start":{"line":10,"column":12},"end":{"line":10,"column":51}},"8":{"start":{"line":11,"column":12},"end":{"line":11,"column":26}},"9":{"start":{"line":14,"column":4},"end":{"line":16,"column":5}},"10":{"start":{"line":15,"column":8},"end":{"line":15,"column":39}},"11":{"start":{"line":17,"column":4},"end":{"line":17,"column":36}}},"fnMap":{"0":{"name":"(anonymous_0)","decl":{"start":{"line":3,"column":33},"end":{"line":3,"column":34}},"loc":{"start":{"line":3,"column":66},"end":{"line":18,"column":1}},"line":3}},"branchMap":{"0":{"loc":{"start":{"line":7,"column":8},"end":{"line":12,"column":9}},"type":"if","locations":[{"start":{"line":7,"column":8},"end":{"line":12,"column":9}},{"start":{"line":7,"column":8},"end":{"line":12,"column":9}}],"line":7},"1":{"loc":{"start":{"line":14,"column":4},"end":{"line":16,"column":5}},"type":"if","locations":[{"start":{"line":14,"column":4},"end":{"line":16,"column":5}},{"start":{"line":14,"column":4},"end":{"line":16,"column":5}}],"line":14}},"s":{"0":6,"1":46,"2":46,"3":46,"4":46,"5":94,"6":47,"7":47,"8":47,"9":46,"10":0,"11":46},"f":{"0":46},"b":{"0":[47,47],"1":[0,46]},"_coverageSchema":"1a1c01bbd47fc00a2c39e90264f33305004495a9","hash":"6f7b41d8167898ea30b0a28c9523e38a8c346db4"}
,"C:\\Users\\Мария\\Documents\\Web Projects\\Frontier\\src\\utils\\index.ts": {"path":"C:\\Users\\Мария\\Documents\\Web Projects\\Frontier\\src\\utils\\index.ts","statementMap":{},"fnMap":{},"branchMap":{},"s":{},"f":{},"b":{},"_coverageSchema":"1a1c01bbd47fc00a2c39e90264f33305004495a9","hash":"0dbba4ae70adbc778b27e3a11ac2fa4c645e3d90"}
,"C:\\Users\\Мария\\Documents\\Web Projects\\Frontier\\src\\utils\\initialTheme.ts": {"path":"C:\\Users\\Мария\\Documents\\Web Projects\\Frontier\\src\\utils\\initialTheme.ts","statementMap":{"0":{"start":{"line":4,"column":27},"end":{"line":4,"column":30}},"1":{"start":{"line":6,"column":25},"end":{"line":68,"column":1}},"2":{"start":{"line":7,"column":4},"end":{"line":67,"column":6}},"3":{"start":{"line":70,"column":21},"end":{"line":82,"column":1}}},"fnMap":{"0":{"name":"(anonymous_0)","decl":{"start":{"line":6,"column":36},"end":{"line":6,"column":37}},"loc":{"start":{"line":7,"column":4},"end":{"line":67,"column":6}},"line":7}},"branchMap":{},"s":{"0":7,"1":7,"2":1,"3":7},"f":{"0":1},"b":{},"_coverageSchema":"1a1c01bbd47fc00a2c39e90264f33305004495a9","hash":"e878b65ae785fe67bbb7ec3d01366f3a81438156"}
,"C:\\Users\\Мария\\Documents\\Web Projects\\Frontier\\src\\utils\\localizationMaterialTable.ts": {"path":"C:\\Users\\Мария\\Documents\\Web Projects\\Frontier\\src\\utils\\localizationMaterialTable.ts","statementMap":{"0":{"start":{"line":1,"column":41},"end":{"line":26,"column":1}}},"fnMap":{},"branchMap":{},"s":{"0":6},"f":{},"b":{},"_coverageSchema":"1a1c01bbd47fc00a2c39e90264f33305004495a9","hash":"68401259e3423763979f06f23bfc542d694ade2d"}
,"C:\\Users\\Мария\\Documents\\Web Projects\\Frontier\\src\\utils\\statisticsUtils.ts": {"path":"C:\\Users\\Мария\\Documents\\Web Projects\\Frontier\\src\\utils\\statisticsUtils.ts","statementMap":{"0":{"start":{"line":12,"column":24},"end":{"line":21,"column":1}},"1":{"start":{"line":17,"column":4},"end":{"line":20,"column":7}},"2":{"start":{"line":18,"column":30},"end":{"line":18,"column":73}},"3":{"start":{"line":19,"column":8},"end":{"line":19,"column":70}},"4":{"start":{"line":23,"column":24},"end":{"line":33,"column":1}},"5":{"start":{"line":24,"column":4},"end":{"line":32,"column":11}},"6":{"start":{"line":25,"column":30},"end":{"line":25,"column":98}},"7":{"start":{"line":26,"column":8},"end":{"line":30,"column":9}},"8":{"start":{"line":27,"column":12},"end":{"line":27,"column":52}},"9":{"start":{"line":29,"column":12},"end":{"line":29,"column":50}},"10":{"start":{"line":31,"column":8},"end":{"line":31,"column":26}},"11":{"start":{"line":35,"column":40},"end":{"line":45,"column":1}},"12":{"start":{"line":39,"column":4},"end":{"line":44,"column":7}},"13":{"start":{"line":40,"column":22},"end":{"line":42,"column":13}},"14":{"start":{"line":41,"column":12},"end":{"line":41,"column":66}},"15":{"start":{"line":43,"column":8},"end":{"line":43,"column":44}},"16":{"start":{"line":46,"column":46},"end":{"line":55,"column":1}},"17":{"start":{"line":50,"column":18},"end":{"line":50,"column":57}},"18":{"start":{"line":51,"column":4},"end":{"line":54,"column":8}},"19":{"start":{"line":51,"column":32},"end":{"line":54,"column":5}},"20":{"start":{"line":56,"column":50},"end":{"line":63,"column":1}},"21":{"start":{"line":57,"column":4},"end":{"line":62,"column":7}},"22":{"start":{"line":58,"column":22},"end":{"line":60,"column":13}},"23":{"start":{"line":59,"column":12},"end":{"line":59,"column":78}},"24":{"start":{"line":61,"column":8},"end":{"line":61,"column":63}},"25":{"start":{"line":64,"column":51},"end":{"line":69,"column":1}},"26":{"start":{"line":65,"column":4},"end":{"line":68,"column":7}},"27":{"start":{"line":66,"column":22},"end":{"line":66,"column":38}},"28":{"start":{"line":67,"column":8},"end":{"line":67,"column":44}}},"fnMap":{"0":{"name":"(anonymous_0)","decl":{"start":{"line":12,"column":24},"end":{"line":12,"column":25}},"loc":{"start":{"line":16,"column":21},"end":{"line":21,"column":1}},"line":16},"1":{"name":"(anonymous_1)","decl":{"start":{"line":17,"column":23},"end":{"line":17,"column":24}},"loc":{"start":{"line":17,"column":33},"end":{"line":20,"column":5}},"line":17},"2":{"name":"(anonymous_2)","decl":{"start":{"line":23,"column":24},"end":{"line":23,"column":25}},"loc":{"start":{"line":23,"column":62},"end":{"line":33,"column":1}},"line":23},"3":{"name":"(anonymous_3)","decl":{"start":{"line":24,"column":23},"end":{"line":24,"column":24}},"loc":{"start":{"line":24,"column":69},"end":{"line":32,"column":5}},"line":24},"4":{"name":"(anonymous_4)","decl":{"start":{"line":35,"column":40},"end":{"line":35,"column":41}},"loc":{"start":{"line":38,"column":28},"end":{"line":45,"column":1}},"line":38},"5":{"name":"(anonymous_5)","decl":{"start":{"line":39,"column":33},"end":{"line":39,"column":34}},"loc":{"start":{"line":39,"column":50},"end":{"line":44,"column":5}},"line":39},"6":{"name":"(anonymous_6)","decl":{"start":{"line":40,"column":39},"end":{"line":40,"column":40}},"loc":{"start":{"line":40,"column":77},"end":{"line":42,"column":9}},"line":40},"7":{"name":"(anonymous_7)","decl":{"start":{"line":46,"column":46},"end":{"line":46,"column":47}},"loc":{"start":{"line":49,"column":28},"end":{"line":55,"column":1}},"line":49},"8":{"name":"(anonymous_8)","decl":{"start":{"line":51,"column":21},"end":{"line":51,"column":22}},"loc":{"start":{"line":51,"column":32},"end":{"line":54,"column":5}},"line":51},"9":{"name":"(anonymous_9)","decl":{"start":{"line":56,"column":50},"end":{"line":56,"column":51}},"loc":{"start":{"line":56,"column":95},"end":{"line":63,"column":1}},"line":56},"10":{"name":"(anonymous_10)","decl":{"start":{"line":57,"column":33},"end":{"line":57,"column":34}},"loc":{"start":{"line":57,"column":50},"end":{"line":62,"column":5}},"line":57},"11":{"name":"(anonymous_11)","decl":{"start":{"line":58,"column":39},"end":{"line":58,"column":40}},"loc":{"start":{"line":58,"column":77},"end":{"line":60,"column":9}},"line":58},"12":{"name":"(anonymous_12)","decl":{"start":{"line":64,"column":51},"end":{"line":64,"column":52}},"loc":{"start":{"line":64,"column":96},"end":{"line":69,"column":1}},"line":64},"13":{"name":"(anonymous_13)","decl":{"start":{"line":65,"column":33},"end":{"line":65,"column":34}},"loc":{"start":{"line":65,"column":50},"end":{"line":68,"column":5}},"line":65}},"branchMap":{"0":{"loc":{"start":{"line":19,"column":15},"end":{"line":19,"column":69}},"type":"binary-expr","locations":[{"start":{"line":19,"column":15},"end":{"line":19,"column":41}},{"start":{"line":19,"column":45},"end":{"line":19,"column":69}}],"line":19},"1":{"loc":{"start":{"line":26,"column":8},"end":{"line":30,"column":9}},"type":"if","locations":[{"start":{"line":26,"column":8},"end":{"line":30,"column":9}},{"start":{"line":26,"column":8},"end":{"line":30,"column":9}}],"line":26}},"s":{"0":6,"1":16,"2":9,"3":9,"4":6,"5":18,"6":15,"7":15,"8":5,"9":10,"10":15,"11":6,"12":13,"13":4,"14":6,"15":4,"16":6,"17":2,"18":2,"19":2,"20":6,"21":2,"22":2,"23":3,"24":2,"25":6,"26":2,"27":2,"28":2},"f":{"0":16,"1":9,"2":18,"3":15,"4":13,"5":4,"6":6,"7":2,"8":2,"9":2,"10":2,"11":3,"12":2,"13":2},"b":{"0":[9,9],"1":[5,10]},"_coverageSchema":"1a1c01bbd47fc00a2c39e90264f33305004495a9","hash":"b7ad8bf374f3de3886dee0fc9589806d7b247e65"}
}
