TN:
SF:src\components\index.ts
FNF:0
FNH:0
LF:0
LH:0
BRF:0
BRH:0
end_of_record
TN:
SF:src\components\AlertDialog\AlertDialog.tsx
FN:25,(anonymous_0)
FNF:1
FNH:1
FNDA:1,(anonymous_0)
DA:13,4
DA:25,4
DA:34,1
LF:3
LH:3
BRF:0
BRH:0
end_of_record
TN:
SF:src\components\AlertDialog\index.ts
FNF:0
FNH:0
LF:0
LH:0
BRF:0
BRH:0
end_of_record
TN:
SF:src\components\BarChart\BarChart.tsx
FN:25,(anonymous_0)
FN:26,(anonymous_1)
FN:27,(anonymous_2)
FN:37,(anonymous_3)
FNF:4
FNH:4
FNDA:1,(anonymous_0)
FNDA:2,(anonymous_1)
FNDA:2,(anonymous_2)
FNDA:2,(anonymous_3)
DA:15,4
DA:25,4
DA:26,1
DA:27,2
DA:28,2
DA:29,2
DA:31,0
DA:33,2
DA:35,1
DA:38,2
LF:10
LH:9
BRDA:28,0,0,2
BRDA:28,0,1,0
BRF:2
BRH:1
end_of_record
TN:
SF:src\components\BarChart\index.ts
FNF:0
FNH:0
LF:0
LH:0
BRF:0
BRH:0
end_of_record
TN:
SF:src\components\BarChart\Bar\Bar.tsx
FN:15,(anonymous_0)
FN:42,(anonymous_1)
FNF:2
FNH:2
FNDA:3,(anonymous_0)
FNDA:3,(anonymous_1)
DA:11,5
DA:15,5
DA:25,5
DA:34,5
DA:42,5
DA:43,3
DA:44,3
LF:7
LH:7
BRDA:19,0,0,0
BRDA:19,0,1,3
BRF:2
BRH:1
end_of_record
TN:
SF:src\components\BarChart\Bar\index.ts
FNF:0
FNH:0
LF:0
LH:0
BRF:0
BRH:0
end_of_record
TN:
SF:src\components\WrapperApp\WrapperApp.tsx
FN:38,(anonymous_0)
FN:40,(anonymous_1)
FN:43,(anonymous_2)
FNF:3
FNH:0
FNDA:0,(anonymous_0)
FNDA:0,(anonymous_1)
FNDA:0,(anonymous_2)
DA:27,3
DA:38,3
DA:39,0
DA:40,0
DA:41,0
DA:43,0
DA:44,0
DA:47,0
DA:48,0
LF:9
LH:2
BRDA:89,0,0,0
BRDA:89,0,1,0
BRF:2
BRH:0
end_of_record
TN:
SF:src\components\WrapperApp\index.ts
FNF:0
FNH:0
LF:0
LH:0
BRF:0
BRH:0
end_of_record
TN:
SF:src\screens\NotFoundScreen.tsx
FN:3,(anonymous_0)
FNF:1
FNH:0
FNDA:0,(anonymous_0)
DA:3,3
DA:4,0
LF:2
LH:1
BRF:0
BRH:0
end_of_record
TN:
SF:src\screens\index.ts
FNF:0
FNH:0
LF:0
LH:0
BRF:0
BRH:0
end_of_record
TN:
SF:src\screens\StatisticsScreen\StatisticsScreen.tsx
FN:40,(anonymous_0)
FN:72,(anonymous_1)
FN:75,(anonymous_2)
FN:78,(anonymous_3)
FN:81,(anonymous_4)
FN:125,(anonymous_5)
FNF:6
FNH:0
FNDA:0,(anonymous_0)
FNDA:0,(anonymous_1)
FNDA:0,(anonymous_2)
FNDA:0,(anonymous_3)
FNDA:0,(anonymous_4)
FNDA:0,(anonymous_5)
DA:21,3
DA:28,3
DA:29,3
DA:40,3
DA:50,0
DA:56,0
DA:58,0
DA:59,0
DA:61,0
DA:62,0
DA:64,0
DA:65,0
DA:67,0
DA:68,0
DA:70,0
DA:72,0
DA:73,0
DA:75,0
DA:76,0
DA:78,0
DA:79,0
DA:81,0
DA:82,0
DA:83,0
DA:85,0
DA:86,0
DA:88,0
DA:89,0
DA:92,0
DA:125,3
DA:126,0
DA:134,3
DA:140,3
LF:33
LH:7
BRDA:56,0,0,0
BRDA:56,0,1,0
BRDA:56,0,2,0
BRDA:56,0,3,0
BRDA:56,0,4,0
BRDA:82,1,0,0
BRDA:82,1,1,0
BRDA:85,2,0,0
BRDA:85,2,1,0
BRDA:88,3,0,0
BRDA:88,3,1,0
BRDA:99,4,0,0
BRDA:99,4,1,0
BRDA:114,5,0,0
BRDA:114,5,1,0
BRDA:119,6,0,0
BRDA:119,6,1,0
BRF:17
BRH:0
end_of_record
TN:
SF:src\screens\StatisticsScreen\index.ts
FNF:0
FNH:0
LF:0
LH:0
BRF:0
BRH:0
end_of_record
TN:
SF:src\screens\StatisticsScreen\reducer.ts
FN:19,(anonymous_0)
FN:22,(anonymous_1)
FN:25,(anonymous_2)
FNF:3
FNH:3
FNDA:1,(anonymous_0)
FNDA:1,(anonymous_1)
FNDA:1,(anonymous_2)
DA:9,4
DA:15,4
DA:20,1
DA:23,1
DA:26,1
DA:31,4
LF:6
LH:6
BRF:0
BRH:0
end_of_record
TN:
SF:src\screens\TariffsScreen\TariffsScreen.tsx
FN:16,(anonymous_0)
FN:17,(anonymous_1)
FN:22,(anonymous_2)
FN:66,(anonymous_3)
FNF:4
FNH:0
FNDA:0,(anonymous_0)
FNDA:0,(anonymous_1)
FNDA:0,(anonymous_2)
FNDA:0,(anonymous_3)
DA:16,3
DA:17,0
DA:18,0
DA:19,0
DA:22,3
DA:28,0
DA:66,3
DA:68,3
DA:74,3
LF:9
LH:5
BRF:0
BRH:0
end_of_record
TN:
SF:src\screens\TariffsScreen\index.ts
FNF:0
FNH:0
LF:0
LH:0
BRF:0
BRH:0
end_of_record
TN:
SF:src\screens\TariffsScreen\reducer.ts
FN:47,(anonymous_0)
FN:51,(anonymous_1)
FN:55,(anonymous_2)
FN:56,(anonymous_3)
FN:59,(anonymous_4)
FN:60,(anonymous_5)
FNF:6
FNH:6
FNDA:1,(anonymous_0)
FNDA:1,(anonymous_1)
FNDA:1,(anonymous_2)
FNDA:1,(anonymous_3)
FNDA:1,(anonymous_4)
FNDA:1,(anonymous_5)
DA:11,4
DA:42,4
DA:48,1
DA:49,1
DA:52,1
DA:56,1
DA:57,1
DA:60,1
DA:65,4
LF:9
LH:9
BRF:0
BRH:0
end_of_record
TN:
SF:src\screens\VisitorsScreen\VisitorsScreen.tsx
FN:54,(anonymous_0)
FN:55,(anonymous_1)
FN:60,(anonymous_2)
FN:61,(anonymous_3)
FN:66,(anonymous_4)
FN:85,(anonymous_5)
FN:86,(anonymous_6)
FN:94,(anonymous_7)
FN:99,(anonymous_8)
FN:100,(anonymous_9)
FN:103,(anonymous_10)
FN:115,(anonymous_11)
FN:117,(anonymous_12)
FN:118,(anonymous_13)
FN:130,(anonymous_14)
FN:144,(anonymous_15)
FN:156,(anonymous_16)
FN:166,(anonymous_17)
FN:179,(anonymous_18)
FN:198,(anonymous_19)
FN:206,(anonymous_20)
FN:220,(anonymous_21)
FN:226,(anonymous_22)
FN:233,(anonymous_23)
FN:249,(anonymous_24)
FN:256,(anonymous_25)
FN:260,(anonymous_26)
FN:270,(anonymous_27)
FNF:28
FNH:0
FNDA:0,(anonymous_0)
FNDA:0,(anonymous_1)
FNDA:0,(anonymous_2)
FNDA:0,(anonymous_3)
FNDA:0,(anonymous_4)
FNDA:0,(anonymous_5)
FNDA:0,(anonymous_6)
FNDA:0,(anonymous_7)
FNDA:0,(anonymous_8)
FNDA:0,(anonymous_9)
FNDA:0,(anonymous_10)
FNDA:0,(anonymous_11)
FNDA:0,(anonymous_12)
FNDA:0,(anonymous_13)
FNDA:0,(anonymous_14)
FNDA:0,(anonymous_15)
FNDA:0,(anonymous_16)
FNDA:0,(anonymous_17)
FNDA:0,(anonymous_18)
FNDA:0,(anonymous_19)
FNDA:0,(anonymous_20)
FNDA:0,(anonymous_21)
FNDA:0,(anonymous_22)
FNDA:0,(anonymous_23)
FNDA:0,(anonymous_24)
FNDA:0,(anonymous_25)
FNDA:0,(anonymous_26)
FNDA:0,(anonymous_27)
DA:43,3
DA:48,3
DA:54,3
DA:55,0
DA:56,0
DA:58,0
DA:60,3
DA:61,0
DA:62,0
DA:63,0
DA:66,3
DA:85,0
DA:86,0
DA:87,0
DA:88,0
DA:90,0
DA:93,0
DA:94,0
DA:95,0
DA:96,0
DA:99,0
DA:100,0
DA:101,0
DA:103,0
DA:104,0
DA:107,0
DA:116,0
DA:117,0
DA:118,0
DA:120,0
DA:122,0
DA:131,0
DA:132,0
DA:134,0
DA:145,0
DA:146,0
DA:148,0
DA:157,0
DA:168,0
DA:169,0
DA:170,0
DA:171,0
DA:173,0
DA:175,0
DA:179,0
DA:199,0
DA:200,0
DA:207,0
DA:208,0
DA:209,0
DA:210,0
DA:211,0
DA:220,0
DA:227,0
DA:234,0
DA:250,0
DA:251,0
DA:256,0
DA:261,0
DA:270,3
DA:271,0
DA:281,3
DA:296,3
LF:63
LH:8
BRDA:87,0,0,0
BRDA:87,0,1,0
BRDA:116,1,0,0
BRDA:116,1,1,0
BRDA:117,2,0,0
BRDA:117,2,1,0
BRDA:131,3,0,0
BRDA:131,3,1,0
BRDA:145,4,0,0
BRDA:145,4,1,0
BRDA:168,5,0,0
BRDA:168,5,1,0
BRDA:170,6,0,0
BRDA:170,6,1,0
BRDA:199,7,0,0
BRDA:199,7,1,0
BRDA:207,8,0,0
BRDA:207,8,1,0
BRDA:221,9,0,0
BRDA:221,9,1,0
BRDA:222,10,0,0
BRDA:222,10,1,0
BRDA:234,11,0,0
BRDA:234,11,1,0
BRF:24
BRH:0
end_of_record
TN:
SF:src\screens\VisitorsScreen\index.ts
FNF:0
FNH:0
LF:0
LH:0
BRF:0
BRH:0
end_of_record
TN:
SF:src\screens\VisitorsScreen\reducer.ts
FN:86,(anonymous_0)
FN:93,(anonymous_1)
FN:97,(anonymous_2)
FN:98,(anonymous_3)
FN:101,(anonymous_4)
FN:102,(anonymous_5)
FN:104,(anonymous_6)
FN:105,(anonymous_7)
FN:112,(anonymous_8)
FN:114,(anonymous_9)
FN:117,(anonymous_10)
FN:120,(anonymous_11)
FN:131,(anonymous_12)
FN:134,(anonymous_13)
FN:137,(anonymous_14)
FN:140,(anonymous_15)
FN:143,(anonymous_16)
FN:146,(anonymous_17)
FN:150,(anonymous_18)
FNF:19
FNH:19
FNDA:1,(anonymous_0)
FNDA:1,(anonymous_1)
FNDA:1,(anonymous_2)
FNDA:1,(anonymous_3)
FNDA:1,(anonymous_4)
FNDA:1,(anonymous_5)
FNDA:1,(anonymous_6)
FNDA:1,(anonymous_7)
FNDA:1,(anonymous_8)
FNDA:5,(anonymous_9)
FNDA:1,(anonymous_10)
FNDA:4,(anonymous_11)
FNDA:1,(anonymous_12)
FNDA:1,(anonymous_13)
FNDA:1,(anonymous_14)
FNDA:1,(anonymous_15)
FNDA:1,(anonymous_16)
FNDA:1,(anonymous_17)
FNDA:1,(anonymous_18)
DA:38,4
DA:81,4
DA:87,1
DA:88,1
DA:89,1
DA:90,1
DA:91,1
DA:94,1
DA:98,1
DA:99,1
DA:102,1
DA:105,1
DA:106,1
DA:107,1
DA:113,1
DA:114,5
DA:118,1
DA:119,2
DA:120,4
DA:122,2
DA:123,2
DA:128,1
DA:129,1
DA:132,1
DA:135,1
DA:138,1
DA:141,1
DA:144,1
DA:147,1
DA:148,1
DA:151,1
DA:156,4
LF:32
LH:32
BRF:0
BRH:0
end_of_record
TN:
SF:src\utils\FormatDate.ts
FN:1,(anonymous_0)
FN:4,(anonymous_1)
FNF:2
FNH:2
FNDA:16,(anonymous_0)
FNDA:1,(anonymous_1)
DA:1,4
DA:2,16
DA:4,4
DA:5,1
LF:4
LH:4
BRF:0
BRH:0
end_of_record
TN:
SF:src\utils\calculateCost.ts
FN:1,(anonymous_0)
FNF:1
FNH:1
FNDA:14,(anonymous_0)
DA:1,4
DA:7,14
DA:8,14
LF:3
LH:3
BRDA:8,0,0,3
BRDA:8,0,1,11
BRDA:8,1,0,14
BRDA:8,1,1,7
BRF:4
BRH:4
end_of_record
TN:
SF:src\utils\calculateCostHelper.ts
FN:5,(anonymous_0)
FN:10,(anonymous_1)
FN:11,(anonymous_2)
FN:12,(anonymous_3)
FNF:4
FNH:4
FNDA:8,(anonymous_0)
FNDA:16,(anonymous_1)
FNDA:16,(anonymous_2)
FNDA:16,(anonymous_3)
DA:5,3
DA:6,8
DA:7,8
DA:8,8
DA:9,9
DA:10,16
DA:11,16
DA:12,16
DA:14,9
DA:21,8
LF:10
LH:10
BRDA:6,0,0,1
BRDA:6,0,1,7
BRF:2
BRH:2
end_of_record
TN:
SF:src\utils\calculateDuration.ts
FN:3,(anonymous_0)
FNF:1
FNH:1
FNDA:14,(anonymous_0)
DA:3,3
DA:4,14
DA:5,14
DA:6,14
DA:7,30
DA:8,15
DA:10,15
DA:11,15
DA:14,14
DA:15,0
DA:17,14
LF:11
LH:10
BRDA:7,0,0,15
BRDA:7,0,1,15
BRDA:14,1,0,0
BRDA:14,1,1,14
BRF:4
BRH:3
end_of_record
TN:
SF:src\utils\index.ts
FNF:0
FNH:0
LF:0
LH:0
BRF:0
BRH:0
end_of_record
TN:
SF:src\utils\initialTheme.ts
FN:6,(anonymous_0)
FNF:1
FNH:0
FNDA:0,(anonymous_0)
DA:4,3
DA:6,3
DA:7,0
DA:70,3
LF:4
LH:3
BRF:0
BRH:0
end_of_record
TN:
SF:src\utils\localizationMaterialTable.ts
FNF:0
FNH:0
DA:1,3
LF:1
LH:1
BRF:0
BRH:0
end_of_record
TN:
SF:src\utils\statisticsUtils.ts
FN:12,(anonymous_0)
FN:17,(anonymous_1)
FN:23,(anonymous_2)
FN:24,(anonymous_3)
FN:35,(anonymous_4)
FN:39,(anonymous_5)
FN:40,(anonymous_6)
FN:46,(anonymous_7)
FN:51,(anonymous_8)
FN:56,(anonymous_9)
FN:57,(anonymous_10)
FN:58,(anonymous_11)
FN:64,(anonymous_12)
FN:65,(anonymous_13)
FNF:14
FNH:14
FNDA:3,(anonymous_0)
FNDA:9,(anonymous_1)
FNDA:5,(anonymous_2)
FNDA:15,(anonymous_3)
FNDA:2,(anonymous_4)
FNDA:4,(anonymous_5)
FNDA:6,(anonymous_6)
FNDA:1,(anonymous_7)
FNDA:2,(anonymous_8)
FNDA:1,(anonymous_9)
FNDA:2,(anonymous_10)
FNDA:3,(anonymous_11)
FNDA:1,(anonymous_12)
FNDA:2,(anonymous_13)
DA:12,3
DA:17,3
DA:18,9
DA:19,9
DA:23,3
DA:24,5
DA:25,15
DA:26,15
DA:27,5
DA:29,10
DA:31,15
DA:35,3
DA:39,2
DA:40,4
DA:41,6
DA:43,4
DA:46,3
DA:50,1
DA:51,2
DA:56,3
DA:57,1
DA:58,2
DA:59,3
DA:61,2
DA:64,3
DA:65,1
DA:66,2
DA:67,2
LF:28
LH:28
BRDA:19,0,0,9
BRDA:19,0,1,9
BRDA:26,1,0,5
BRDA:26,1,1,10
BRF:4
BRH:4
end_of_record
