TN:
SF:src\store.ts
FN:40,(anonymous_0)
FNF:1
FNH:1
FNDA:9,(anonymous_0)
DA:24,3
DA:29,3
DA:33,3
DA:40,3
DA:41,9
DA:51,3
DA:52,3
LF:7
LH:7
BRF:0
BRH:0
end_of_record
TN:
SF:src\components\index.ts
FNF:0
FNH:0
LF:0
LH:0
BRF:0
BRH:0
end_of_record
TN:
SF:src\components\AlertDialog\AlertDialog.tsx
FN:25,(anonymous_0)
FNF:1
FNH:1
FNDA:5,(anonymous_0)
DA:13,7
DA:25,7
DA:34,5
LF:3
LH:3
BRF:0
BRH:0
end_of_record
TN:
SF:src\components\AlertDialog\index.ts
FNF:0
FNH:0
LF:0
LH:0
BRF:0
BRH:0
end_of_record
TN:
SF:src\components\BarChart\BarChart.tsx
FN:25,(anonymous_0)
FN:26,(anonymous_1)
FN:27,(anonymous_2)
FN:37,(anonymous_3)
FNF:4
FNH:4
FNDA:14,(anonymous_0)
FNDA:3,(anonymous_1)
FNDA:6,(anonymous_2)
FNDA:3,(anonymous_3)
DA:15,7
DA:25,7
DA:26,14
DA:27,3
DA:28,6
DA:29,6
DA:31,0
DA:33,3
DA:35,14
DA:38,3
LF:10
LH:9
BRDA:28,0,0,6
BRDA:28,0,1,0
BRF:2
BRH:1
end_of_record
TN:
SF:src\components\BarChart\index.ts
FNF:0
FNH:0
LF:0
LH:0
BRF:0
BRH:0
end_of_record
TN:
SF:src\components\BarChart\Bar\Bar.tsx
FN:15,(anonymous_0)
FN:42,(anonymous_1)
FNF:2
FNH:2
FNDA:5,(anonymous_0)
FNDA:5,(anonymous_1)
DA:11,8
DA:15,8
DA:25,8
DA:34,8
DA:42,8
DA:43,5
DA:44,5
LF:7
LH:7
BRDA:19,0,0,1
BRDA:19,0,1,4
BRF:2
BRH:2
end_of_record
TN:
SF:src\components\BarChart\Bar\index.ts
FNF:0
FNH:0
LF:0
LH:0
BRF:0
BRH:0
end_of_record
TN:
SF:src\components\WrapperApp\WrapperApp.tsx
FN:38,(anonymous_0)
FN:41,(anonymous_1)
FN:44,(anonymous_2)
FNF:3
FNH:1
FNDA:1,(anonymous_0)
FNDA:0,(anonymous_1)
FNDA:0,(anonymous_2)
DA:27,7
DA:38,7
DA:39,1
DA:40,1
DA:41,1
DA:42,0
DA:44,1
DA:45,0
DA:48,1
LF:9
LH:7
BRDA:90,0,0,0
BRDA:90,0,1,1
BRF:2
BRH:1
end_of_record
TN:
SF:src\components\WrapperApp\index.ts
FNF:0
FNH:0
LF:0
LH:0
BRF:0
BRH:0
end_of_record
TN:
SF:src\screens\NotFoundScreen.tsx
FN:3,(anonymous_0)
FNF:1
FNH:1
FNDA:1,(anonymous_0)
DA:3,7
DA:4,1
LF:2
LH:2
BRF:0
BRH:0
end_of_record
TN:
SF:src\screens\index.ts
FNF:0
FNH:0
LF:0
LH:0
BRF:0
BRH:0
end_of_record
TN:
SF:src\screens\StatisticsScreen\StatisticsScreen.tsx
FN:40,(anonymous_0)
FN:72,(anonymous_1)
FN:75,(anonymous_2)
FN:78,(anonymous_3)
FN:81,(anonymous_4)
FN:132,(anonymous_5)
FNF:6
FNH:6
FNDA:13,(anonymous_0)
FNDA:4,(anonymous_1)
FNDA:1,(anonymous_2)
FNDA:1,(anonymous_3)
FNDA:13,(anonymous_4)
FNDA:21,(anonymous_5)
DA:21,6
DA:28,6
DA:29,6
DA:40,6
DA:50,13
DA:56,13
DA:58,6
DA:59,6
DA:61,1
DA:62,1
DA:64,1
DA:65,1
DA:67,1
DA:68,1
DA:70,4
DA:72,13
DA:73,4
DA:75,13
DA:76,1
DA:78,13
DA:79,1
DA:81,13
DA:82,13
DA:83,4
DA:85,13
DA:86,4
DA:88,13
DA:89,4
DA:92,13
DA:132,6
DA:133,21
DA:141,6
DA:147,6
LF:33
LH:33
BRDA:56,0,0,6
BRDA:56,0,1,1
BRDA:56,0,2,1
BRDA:56,0,3,1
BRDA:56,0,4,4
BRDA:82,1,0,4
BRDA:82,1,1,9
BRDA:85,2,0,4
BRDA:85,2,1,9
BRDA:88,3,0,4
BRDA:88,3,1,9
BRDA:99,4,0,13
BRDA:99,4,1,4
BRDA:115,5,0,13
BRDA:115,5,1,4
BRDA:124,6,0,13
BRDA:124,6,1,4
BRF:17
BRH:17
end_of_record
TN:
SF:src\screens\StatisticsScreen\index.ts
FNF:0
FNH:0
LF:0
LH:0
BRF:0
BRH:0
end_of_record
TN:
SF:src\screens\StatisticsScreen\reducer.ts
FN:19,(anonymous_0)
FN:22,(anonymous_1)
FN:25,(anonymous_2)
FNF:3
FNH:3
FNDA:6,(anonymous_0)
FNDA:6,(anonymous_1)
FNDA:9,(anonymous_2)
DA:9,7
DA:15,7
DA:20,6
DA:23,6
DA:26,9
DA:31,7
LF:6
LH:6
BRF:0
BRH:0
end_of_record
TN:
SF:src\screens\TariffsScreen\TariffsScreen.tsx
FN:16,(anonymous_0)
FN:17,(anonymous_1)
FN:22,(anonymous_2)
FN:66,(anonymous_3)
FNF:4
FNH:4
FNDA:6,(anonymous_0)
FNDA:1,(anonymous_1)
FNDA:2,(anonymous_2)
FNDA:2,(anonymous_3)
DA:16,6
DA:17,6
DA:18,1
DA:19,1
DA:22,6
DA:28,2
DA:66,6
DA:68,6
DA:74,6
LF:9
LH:9
BRF:0
BRH:0
end_of_record
TN:
SF:src\screens\TariffsScreen\index.ts
FNF:0
FNH:0
LF:0
LH:0
BRF:0
BRH:0
end_of_record
TN:
SF:src\screens\TariffsScreen\reducer.ts
FN:47,(anonymous_0)
FN:51,(anonymous_1)
FN:55,(anonymous_2)
FN:56,(anonymous_3)
FN:59,(anonymous_4)
FN:60,(anonymous_5)
FNF:6
FNH:6
FNDA:1,(anonymous_0)
FNDA:1,(anonymous_1)
FNDA:1,(anonymous_2)
FNDA:1,(anonymous_3)
FNDA:2,(anonymous_4)
FNDA:5,(anonymous_5)
DA:11,7
DA:42,7
DA:48,1
DA:49,1
DA:52,1
DA:56,1
DA:57,1
DA:60,5
DA:65,7
LF:9
LH:9
BRF:0
BRH:0
end_of_record
TN:
SF:src\screens\VisitorsScreen\VisitorsScreen.tsx
FN:54,(anonymous_0)
FN:55,(anonymous_1)
FN:60,(anonymous_2)
FN:61,(anonymous_3)
FN:66,(anonymous_4)
FN:85,(anonymous_5)
FN:86,(anonymous_6)
FN:94,(anonymous_7)
FN:99,(anonymous_8)
FN:100,(anonymous_9)
FN:103,(anonymous_10)
FN:115,(anonymous_11)
FN:117,(anonymous_12)
FN:118,(anonymous_13)
FN:130,(anonymous_14)
FN:144,(anonymous_15)
FN:156,(anonymous_16)
FN:166,(anonymous_17)
FN:179,(anonymous_18)
FN:198,(anonymous_19)
FN:206,(anonymous_20)
FN:220,(anonymous_21)
FN:226,(anonymous_22)
FN:233,(anonymous_23)
FN:249,(anonymous_24)
FN:256,(anonymous_25)
FN:260,(anonymous_26)
FN:270,(anonymous_27)
FNF:28
FNH:16
FNDA:0,(anonymous_0)
FNDA:0,(anonymous_1)
FNDA:6,(anonymous_2)
FNDA:1,(anonymous_3)
FNDA:2,(anonymous_4)
FNDA:0,(anonymous_5)
FNDA:0,(anonymous_6)
FNDA:8,(anonymous_7)
FNDA:2,(anonymous_8)
FNDA:0,(anonymous_9)
FNDA:1,(anonymous_10)
FNDA:3,(anonymous_11)
FNDA:9,(anonymous_12)
FNDA:9,(anonymous_13)
FNDA:3,(anonymous_14)
FNDA:16,(anonymous_15)
FNDA:16,(anonymous_16)
FNDA:16,(anonymous_17)
FNDA:0,(anonymous_18)
FNDA:0,(anonymous_19)
FNDA:0,(anonymous_20)
FNDA:16,(anonymous_21)
FNDA:7,(anonymous_22)
FNDA:0,(anonymous_23)
FNDA:0,(anonymous_24)
FNDA:0,(anonymous_25)
FNDA:0,(anonymous_26)
FNDA:2,(anonymous_27)
DA:43,6
DA:48,6
DA:54,6
DA:55,0
DA:56,0
DA:58,0
DA:60,6
DA:61,6
DA:62,1
DA:63,1
DA:66,6
DA:85,2
DA:86,0
DA:87,0
DA:88,0
DA:90,0
DA:93,2
DA:94,2
DA:95,8
DA:96,8
DA:99,2
DA:100,2
DA:101,0
DA:103,2
DA:104,1
DA:107,2
DA:116,3
DA:117,9
DA:118,9
DA:120,0
DA:122,3
DA:131,3
DA:132,0
DA:134,3
DA:145,16
DA:146,0
DA:148,16
DA:157,16
DA:168,16
DA:169,0
DA:170,16
DA:171,0
DA:173,16
DA:175,0
DA:179,0
DA:199,0
DA:200,0
DA:207,0
DA:208,0
DA:209,0
DA:210,0
DA:211,0
DA:220,16
DA:227,7
DA:234,0
DA:250,0
DA:251,0
DA:256,0
DA:261,0
DA:270,6
DA:271,2
DA:281,6
DA:296,6
LF:63
LH:36
BRDA:87,0,0,0
BRDA:87,0,1,0
BRDA:116,1,0,0
BRDA:116,1,1,3
BRDA:117,2,0,3
BRDA:117,2,1,3
BRDA:131,3,0,0
BRDA:131,3,1,3
BRDA:145,4,0,0
BRDA:145,4,1,16
BRDA:168,5,0,0
BRDA:168,5,1,16
BRDA:170,6,0,0
BRDA:170,6,1,16
BRDA:199,7,0,0
BRDA:199,7,1,0
BRDA:207,8,0,0
BRDA:207,8,1,0
BRDA:221,9,0,16
BRDA:221,9,1,0
BRDA:222,10,0,16
BRDA:222,10,1,0
BRDA:234,11,0,0
BRDA:234,11,1,0
BRF:24
BRH:9
end_of_record
TN:
SF:src\screens\VisitorsScreen\index.ts
FNF:0
FNH:0
LF:0
LH:0
BRF:0
BRH:0
end_of_record
TN:
SF:src\screens\VisitorsScreen\reducer.ts
FN:86,(anonymous_0)
FN:93,(anonymous_1)
FN:97,(anonymous_2)
FN:98,(anonymous_3)
FN:101,(anonymous_4)
FN:102,(anonymous_5)
FN:104,(anonymous_6)
FN:105,(anonymous_7)
FN:112,(anonymous_8)
FN:114,(anonymous_9)
FN:117,(anonymous_10)
FN:120,(anonymous_11)
FN:131,(anonymous_12)
FN:134,(anonymous_13)
FN:137,(anonymous_14)
FN:140,(anonymous_15)
FN:143,(anonymous_16)
FN:146,(anonymous_17)
FN:150,(anonymous_18)
FNF:19
FNH:19
FNDA:1,(anonymous_0)
FNDA:1,(anonymous_1)
FNDA:1,(anonymous_2)
FNDA:1,(anonymous_3)
FNDA:2,(anonymous_4)
FNDA:4,(anonymous_5)
FNDA:1,(anonymous_6)
FNDA:1,(anonymous_7)
FNDA:1,(anonymous_8)
FNDA:5,(anonymous_9)
FNDA:1,(anonymous_10)
FNDA:4,(anonymous_11)
FNDA:1,(anonymous_12)
FNDA:1,(anonymous_13)
FNDA:1,(anonymous_14)
FNDA:1,(anonymous_15)
FNDA:1,(anonymous_16)
FNDA:1,(anonymous_17)
FNDA:1,(anonymous_18)
DA:38,7
DA:81,7
DA:87,1
DA:88,1
DA:89,1
DA:90,1
DA:91,1
DA:94,1
DA:98,1
DA:99,1
DA:102,4
DA:105,1
DA:106,1
DA:107,1
DA:113,1
DA:114,5
DA:118,1
DA:119,2
DA:120,4
DA:122,2
DA:123,2
DA:128,1
DA:129,1
DA:132,1
DA:135,1
DA:138,1
DA:141,1
DA:144,1
DA:147,1
DA:148,1
DA:151,1
DA:156,7
LF:32
LH:32
BRF:0
BRH:0
end_of_record
TN:
SF:src\utils\FormatDate.ts
FN:1,(anonymous_0)
FN:4,(anonymous_1)
FNF:2
FNH:2
FNDA:32,(anonymous_0)
FNDA:27,(anonymous_1)
DA:1,7
DA:2,32
DA:4,7
DA:5,27
LF:4
LH:4
BRF:0
BRH:0
end_of_record
TN:
SF:src\utils\calculateCost.ts
FN:1,(anonymous_0)
FNF:1
FNH:1
FNDA:30,(anonymous_0)
DA:1,7
DA:7,30
DA:8,30
LF:3
LH:3
BRDA:8,0,0,3
BRDA:8,0,1,27
BRDA:8,1,0,30
BRDA:8,1,1,9
BRF:4
BRH:4
end_of_record
TN:
SF:src\utils\calculateCostHelper.ts
FN:5,(anonymous_0)
FN:10,(anonymous_1)
FN:11,(anonymous_2)
FN:12,(anonymous_3)
FNF:4
FNH:4
FNDA:24,(anonymous_0)
FNDA:53,(anonymous_1)
FNDA:53,(anonymous_2)
FNDA:53,(anonymous_3)
DA:5,6
DA:6,24
DA:7,24
DA:8,24
DA:9,25
DA:10,53
DA:11,53
DA:12,53
DA:14,25
DA:21,24
LF:10
LH:10
BRDA:6,0,0,1
BRDA:6,0,1,23
BRF:2
BRH:2
end_of_record
TN:
SF:src\utils\calculateDuration.ts
FN:3,(anonymous_0)
FNF:1
FNH:1
FNDA:46,(anonymous_0)
DA:3,6
DA:4,46
DA:5,46
DA:6,46
DA:7,94
DA:8,47
DA:10,47
DA:11,47
DA:14,46
DA:15,0
DA:17,46
LF:11
LH:10
BRDA:7,0,0,47
BRDA:7,0,1,47
BRDA:14,1,0,0
BRDA:14,1,1,46
BRF:4
BRH:3
end_of_record
TN:
SF:src\utils\index.ts
FNF:0
FNH:0
LF:0
LH:0
BRF:0
BRH:0
end_of_record
TN:
SF:src\utils\initialTheme.ts
FN:6,(anonymous_0)
FNF:1
FNH:1
FNDA:1,(anonymous_0)
DA:4,7
DA:6,7
DA:7,1
DA:70,7
LF:4
LH:4
BRF:0
BRH:0
end_of_record
TN:
SF:src\utils\localizationMaterialTable.ts
FNF:0
FNH:0
DA:1,6
LF:1
LH:1
BRF:0
BRH:0
end_of_record
TN:
SF:src\utils\statisticsUtils.ts
FN:12,(anonymous_0)
FN:17,(anonymous_1)
FN:23,(anonymous_2)
FN:24,(anonymous_3)
FN:35,(anonymous_4)
FN:39,(anonymous_5)
FN:40,(anonymous_6)
FN:46,(anonymous_7)
FN:51,(anonymous_8)
FN:56,(anonymous_9)
FN:57,(anonymous_10)
FN:58,(anonymous_11)
FN:64,(anonymous_12)
FN:65,(anonymous_13)
FNF:14
FNH:14
FNDA:16,(anonymous_0)
FNDA:9,(anonymous_1)
FNDA:18,(anonymous_2)
FNDA:15,(anonymous_3)
FNDA:13,(anonymous_4)
FNDA:4,(anonymous_5)
FNDA:6,(anonymous_6)
FNDA:2,(anonymous_7)
FNDA:2,(anonymous_8)
FNDA:2,(anonymous_9)
FNDA:2,(anonymous_10)
FNDA:3,(anonymous_11)
FNDA:2,(anonymous_12)
FNDA:2,(anonymous_13)
DA:12,6
DA:17,16
DA:18,9
DA:19,9
DA:23,6
DA:24,18
DA:25,15
DA:26,15
DA:27,5
DA:29,10
DA:31,15
DA:35,6
DA:39,13
DA:40,4
DA:41,6
DA:43,4
DA:46,6
DA:50,2
DA:51,2
DA:56,6
DA:57,2
DA:58,2
DA:59,3
DA:61,2
DA:64,6
DA:65,2
DA:66,2
DA:67,2
LF:28
LH:28
BRDA:19,0,0,9
BRDA:19,0,1,9
BRDA:26,1,0,5
BRDA:26,1,1,10
BRF:4
BRH:4
end_of_record
